{"/home/mquinn/Downloads/jsdiff-3.5.0/runtime.js":{"path":"/home/mquinn/Downloads/jsdiff-3.5.0/runtime.js","s":{"1":1},"b":{},"f":{},"fnMap":{},"statementMap":{"1":{"start":{"line":1,"column":0},"end":{"line":3,"column":3}}},"branchMap":{}},"/home/mquinn/Downloads/jsdiff-3.5.0/lib/convert/dmp.js":{"path":"/home/mquinn/Downloads/jsdiff-3.5.0/lib/convert/dmp.js","s":{"1":1,"2":1,"3":1,"4":1,"5":1,"6":4,"7":4,"8":1,"9":3,"10":1,"11":2,"12":4,"13":1},"b":{"1":[1,3],"2":[1,2]},"f":{"1":1},"fnMap":{"1":{"name":"convertChangesToDMP","line":6,"loc":{"start":{"line":6,"column":0},"end":{"line":6,"column":38}}}},"statementMap":{"1":{"start":{"line":3,"column":0},"end":{"line":3,"column":26},"skip":true},"2":{"start":{"line":4,"column":0},"end":{"line":4,"column":74}},"3":{"start":{"line":6,"column":0},"end":{"line":23,"column":1}},"4":{"start":{"line":7,"column":2},"end":{"line":9,"column":74}},"5":{"start":{"line":10,"column":2},"end":{"line":21,"column":3}},"6":{"start":{"line":11,"column":4},"end":{"line":11,"column":24}},"7":{"start":{"line":12,"column":4},"end":{"line":18,"column":5}},"8":{"start":{"line":13,"column":6},"end":{"line":13,"column":20}},"9":{"start":{"line":14,"column":11},"end":{"line":18,"column":5}},"10":{"start":{"line":15,"column":6},"end":{"line":15,"column":21}},"11":{"start":{"line":17,"column":6},"end":{"line":17,"column":20}},"12":{"start":{"line":20,"column":4},"end":{"line":20,"column":40}},"13":{"start":{"line":22,"column":2},"end":{"line":22,"column":13}}},"branchMap":{"1":{"line":12,"type":"if","locations":[{"start":{"line":12,"column":4},"end":{"line":12,"column":4}},{"start":{"line":12,"column":4},"end":{"line":12,"column":4}}]},"2":{"line":14,"type":"if","locations":[{"start":{"line":14,"column":11},"end":{"line":14,"column":11}},{"start":{"line":14,"column":11},"end":{"line":14,"column":11}}]}}},"/home/mquinn/Downloads/jsdiff-3.5.0/lib/diff/word.js":{"path":"/home/mquinn/Downloads/jsdiff-3.5.0/lib/diff/word.js","s":{"1":1,"2":1,"3":1,"4":1,"5":1,"6":1,"7":1,"8":1,"9":1,"10":1,"11":1,"12":1,"13":1,"14":23545,"15":9,"16":9,"17":23545,"18":1,"19":86,"20":86,"21":36353,"22":3,"23":3,"24":3,"25":86,"26":1,"27":37,"28":37,"29":1,"30":5},"b":{"1":[1,0],"2":[1,1],"3":[9,23536],"4":[23545,12839,12814,1462],"5":[3,36350],"6":[36353,15995,15976,4424]},"f":{"1":1,"2":23545,"3":86,"4":37,"5":5},"fnMap":{"1":{"name":"_interopRequireDefault","line":14,"loc":{"start":{"line":14,"column":25},"end":{"line":14,"column":62}}},"2":{"name":"(anonymous_2)","line":39,"loc":{"start":{"line":39,"column":18},"end":{"line":39,"column":41}}},"3":{"name":"(anonymous_3)","line":46,"loc":{"start":{"line":46,"column":20},"end":{"line":46,"column":37}}},"4":{"name":"diffWords","line":62,"loc":{"start":{"line":62,"column":0},"end":{"line":62,"column":44}}},"5":{"name":"diffWordsWithSpace","line":67,"loc":{"start":{"line":67,"column":0},"end":{"line":67,"column":53}}}},"statementMap":{"1":{"start":{"line":3,"column":0},"end":{"line":3,"column":26},"skip":true},"2":{"start":{"line":4,"column":0},"end":{"line":4,"column":29},"skip":true},"3":{"start":{"line":5,"column":0},"end":{"line":5,"column":54}},"4":{"start":{"line":6,"column":25},"end":{"line":6,"column":97}},"5":{"start":{"line":8,"column":0},"end":{"line":8,"column":79}},"6":{"start":{"line":10,"column":25},"end":{"line":10,"column":68}},"7":{"start":{"line":12,"column":23},"end":{"line":12,"column":112}},"8":{"start":{"line":14,"column":25},"end":{"line":14,"column":122}},"9":{"start":{"line":14,"column":64},"end":{"line":14,"column":120},"skip":true},"10":{"start":{"line":34,"column":0},"end":{"line":34,"column":88}},"11":{"start":{"line":36,"column":0},"end":{"line":36,"column":24}},"12":{"start":{"line":38,"column":0},"end":{"line":38,"column":156}},"13":{"start":{"line":39,"column":0},"end":{"line":45,"column":2}},"14":{"start":{"line":40,"column":2},"end":{"line":43,"column":3}},"15":{"start":{"line":41,"column":4},"end":{"line":41,"column":30}},"16":{"start":{"line":42,"column":4},"end":{"line":42,"column":32}},"17":{"start":{"line":44,"column":2},"end":{"line":44,"column":114}},"18":{"start":{"line":46,"column":0},"end":{"line":60,"column":2}},"19":{"start":{"line":47,"column":2},"end":{"line":47,"column":39}},"20":{"start":{"line":50,"column":2},"end":{"line":57,"column":3}},"21":{"start":{"line":52,"column":4},"end":{"line":56,"column":5}},"22":{"start":{"line":53,"column":6},"end":{"line":53,"column":33}},"23":{"start":{"line":54,"column":6},"end":{"line":54,"column":30}},"24":{"start":{"line":55,"column":6},"end":{"line":55,"column":10}},"25":{"start":{"line":59,"column":2},"end":{"line":59,"column":16}},"26":{"start":{"line":62,"column":0},"end":{"line":65,"column":1}},"27":{"start":{"line":63,"column":2},"end":{"line":63,"column":127}},"28":{"start":{"line":64,"column":2},"end":{"line":64,"column":48}},"29":{"start":{"line":67,"column":0},"end":{"line":69,"column":1}},"30":{"start":{"line":68,"column":2},"end":{"line":68,"column":48}}},"branchMap":{"1":{"line":14,"type":"cond-expr","locations":[{"start":{"line":14,"column":95},"end":{"line":14,"column":98},"skip":true},{"start":{"line":14,"column":101},"end":{"line":14,"column":119},"skip":true}]},"2":{"line":14,"type":"binary-expr","locations":[{"start":{"line":14,"column":71},"end":{"line":14,"column":74},"skip":true},{"start":{"line":14,"column":78},"end":{"line":14,"column":92},"skip":true}]},"3":{"line":40,"type":"if","locations":[{"start":{"line":40,"column":2},"end":{"line":40,"column":2}},{"start":{"line":40,"column":2},"end":{"line":40,"column":2}}]},"4":{"line":44,"type":"binary-expr","locations":[{"start":{"line":44,"column":9},"end":{"line":44,"column":23}},{"start":{"line":44,"column":27},"end":{"line":44,"column":56}},{"start":{"line":44,"column":60},"end":{"line":44,"column":84}},{"start":{"line":44,"column":88},"end":{"line":44,"column":113}}]},"5":{"line":52,"type":"if","locations":[{"start":{"line":52,"column":4},"end":{"line":52,"column":4}},{"start":{"line":52,"column":4},"end":{"line":52,"column":4}}]},"6":{"line":52,"type":"binary-expr","locations":[{"start":{"line":52,"column":8},"end":{"line":52,"column":22}},{"start":{"line":52,"column":26},"end":{"line":52,"column":39}},{"start":{"line":52,"column":43},"end":{"line":52,"column":76}},{"start":{"line":52,"column":80},"end":{"line":52,"column":117}}]}}},"/home/mquinn/Downloads/jsdiff-3.5.0/lib/diff/base.js":{"path":"/home/mquinn/Downloads/jsdiff-3.5.0/lib/diff/base.js","s":{"1":1,"2":1,"3":1,"4":1,"5":101,"6":101,"7":101,"8":1,"9":1,"10":101,"11":101,"12":1,"13":100,"14":10,"15":10,"16":10,"17":90,"18":101,"19":100,"20":100,"21":100,"22":100,"23":100,"24":100,"25":100,"26":100,"27":100,"28":23,"29":1,"30":372,"31":13453,"32":13453,"33":13453,"34":13018,"35":13453,"36":13453,"37":150,"38":150,"39":13303,"40":5263,"41":5263,"42":8040,"43":8040,"44":8040,"45":13303,"46":13303,"47":77,"48":13226,"49":295,"50":77,"51":7,"52":24,"53":24,"54":0,"55":24,"56":17,"57":70,"58":348,"59":348,"60":70,"61":13303,"62":13303,"63":11674,"64":1629,"65":13403,"66":13403,"67":11071,"68":11071,"69":11071,"70":13403,"71":416,"72":13403,"73":13403,"74":703,"75":3,"76":700,"77":192,"78":192,"79":37219,"80":21195,"81":192,"82":172,"83":6,"84":306,"85":1,"86":77,"87":77,"88":299,"89":299,"90":211,"91":27,"92":27,"93":50,"94":50,"95":27,"96":184,"97":211,"98":211,"99":127,"100":88,"101":88,"102":88,"103":56,"104":56,"105":56,"106":77,"107":77,"108":2,"109":2,"110":77,"111":1,"112":5263},"b":{"1":[74,27],"2":[101,101],"3":[1,100],"4":[10,90],"5":[23,77],"6":[100,30],"7":[13078,375],"8":[13018,435],"9":[13453,13018],"10":[13453,13078,13078],"11":[150,13303],"12":[13453,457],"13":[5263,8040],"14":[13303,12996,12700],"15":[77,13226],"16":[13303,124],"17":[7,70],"18":[0,24],"19":[17,7],"20":[70,278],"21":[11674,1629],"22":[13303,13269,11985],"23":[24474,24320,24220],"24":[416,12987],"25":[3,700],"26":[700,357,3],"27":[21195,16024],"28":[211,88],"29":[27,184],"30":[211,127],"31":[7,43],"32":[127,84],"33":[56,32],"34":[88,82],"35":[2,75],"36":[77,65,62,37,28]},"f":{"1":7,"2":101,"3":100,"4":10,"5":372,"6":24,"7":24,"8":13303,"9":13403,"10":703,"11":192,"12":172,"13":6,"14":306,"15":77,"16":50,"17":5263},"fnMap":{"1":{"name":"Diff","line":5,"loc":{"start":{"line":5,"column":0},"end":{"line":5,"column":16}}},"2":{"name":"diff","line":8,"loc":{"start":{"line":8,"column":57},"end":{"line":8,"column":93}}},"3":{"name":"done","line":20,"loc":{"start":{"line":20,"column":4},"end":{"line":20,"column":25}}},"4":{"name":"(anonymous_4)","line":22,"loc":{"start":{"line":22,"column":19},"end":{"line":22,"column":31}}},"5":{"name":"execEditLength","line":52,"loc":{"start":{"line":52,"column":4},"end":{"line":52,"column":30}}},"6":{"name":"exec","line":101,"loc":{"start":{"line":101,"column":7},"end":{"line":101,"column":23}}},"7":{"name":"(anonymous_7)","line":102,"loc":{"start":{"line":102,"column":19},"end":{"line":102,"column":31}}},"8":{"name":"pushComponent","line":123,"loc":{"start":{"line":123,"column":66},"end":{"line":123,"column":117}}},"9":{"name":"extractCommon","line":133,"loc":{"start":{"line":133,"column":66},"end":{"line":133,"column":135}}},"10":{"name":"equals","line":152,"loc":{"start":{"line":152,"column":59},"end":{"line":152,"column":88}}},"11":{"name":"removeEmpty","line":159,"loc":{"start":{"line":159,"column":64},"end":{"line":159,"column":92}}},"12":{"name":"castInput","line":168,"loc":{"start":{"line":168,"column":62},"end":{"line":168,"column":88}}},"13":{"name":"tokenize","line":171,"loc":{"start":{"line":171,"column":61},"end":{"line":171,"column":86}}},"14":{"name":"join","line":174,"loc":{"start":{"line":174,"column":57},"end":{"line":174,"column":78}}},"15":{"name":"buildValues","line":179,"loc":{"start":{"line":179,"column":0},"end":{"line":179,"column":78}}},"16":{"name":"(anonymous_16)","line":190,"loc":{"start":{"line":190,"column":26},"end":{"line":190,"column":46}}},"17":{"name":"clonePath","line":232,"loc":{"start":{"line":232,"column":0},"end":{"line":232,"column":25}}}},"statementMap":{"1":{"start":{"line":3,"column":0},"end":{"line":3,"column":26},"skip":true},"2":{"start":{"line":4,"column":0},"end":{"line":4,"column":49}},"3":{"start":{"line":5,"column":0},"end":{"line":5,"column":18}},"4":{"start":{"line":7,"column":0},"end":{"line":177,"column":2}},"5":{"start":{"line":9,"column":29},"end":{"line":9,"column":137}},"6":{"start":{"line":11,"column":4},"end":{"line":11,"column":36}},"7":{"start":{"line":12,"column":4},"end":{"line":15,"column":5}},"8":{"start":{"line":13,"column":6},"end":{"line":13,"column":25}},"9":{"start":{"line":14,"column":6},"end":{"line":14,"column":19}},"10":{"start":{"line":16,"column":4},"end":{"line":16,"column":27}},"11":{"start":{"line":18,"column":4},"end":{"line":18,"column":20}},"12":{"start":{"line":20,"column":4},"end":{"line":29,"column":5}},"13":{"start":{"line":21,"column":6},"end":{"line":28,"column":7}},"14":{"start":{"line":22,"column":8},"end":{"line":24,"column":14}},"15":{"start":{"line":23,"column":10},"end":{"line":23,"column":37}},"16":{"start":{"line":25,"column":8},"end":{"line":25,"column":20}},"17":{"start":{"line":27,"column":8},"end":{"line":27,"column":21}},"18":{"start":{"line":32,"column":4},"end":{"line":32,"column":42}},"19":{"start":{"line":33,"column":4},"end":{"line":33,"column":42}},"20":{"start":{"line":35,"column":4},"end":{"line":35,"column":59}},"21":{"start":{"line":36,"column":4},"end":{"line":36,"column":59}},"22":{"start":{"line":38,"column":4},"end":{"line":39,"column":34}},"23":{"start":{"line":40,"column":4},"end":{"line":40,"column":23}},"24":{"start":{"line":41,"column":4},"end":{"line":41,"column":40}},"25":{"start":{"line":42,"column":4},"end":{"line":42,"column":52}},"26":{"start":{"line":45,"column":4},"end":{"line":45,"column":74}},"27":{"start":{"line":46,"column":4},"end":{"line":49,"column":5}},"28":{"start":{"line":48,"column":6},"end":{"line":48,"column":78}},"29":{"start":{"line":52,"column":4},"end":{"line":95,"column":5}},"30":{"start":{"line":53,"column":6},"end":{"line":92,"column":7}},"31":{"start":{"line":54,"column":8},"end":{"line":54,"column":79}},"32":{"start":{"line":55,"column":8},"end":{"line":57,"column":74}},"33":{"start":{"line":58,"column":8},"end":{"line":61,"column":9}},"34":{"start":{"line":60,"column":10},"end":{"line":60,"column":49}},"35":{"start":{"line":63,"column":8},"end":{"line":64,"column":71}},"36":{"start":{"line":65,"column":8},"end":{"line":69,"column":9}},"37":{"start":{"line":67,"column":10},"end":{"line":67,"column":45}},"38":{"start":{"line":68,"column":10},"end":{"line":68,"column":19}},"39":{"start":{"line":74,"column":8},"end":{"line":81,"column":9}},"40":{"start":{"line":75,"column":10},"end":{"line":75,"column":43}},"41":{"start":{"line":76,"column":10},"end":{"line":76,"column":67}},"42":{"start":{"line":78,"column":10},"end":{"line":78,"column":29}},"43":{"start":{"line":79,"column":10},"end":{"line":79,"column":28}},"44":{"start":{"line":80,"column":10},"end":{"line":80,"column":67}},"45":{"start":{"line":83,"column":8},"end":{"line":83,"column":83}},"46":{"start":{"line":86,"column":8},"end":{"line":91,"column":9}},"47":{"start":{"line":87,"column":10},"end":{"line":87,"column":106}},"48":{"start":{"line":90,"column":10},"end":{"line":90,"column":44}},"49":{"start":{"line":94,"column":6},"end":{"line":94,"column":19}},"50":{"start":{"line":100,"column":4},"end":{"line":121,"column":5}},"51":{"start":{"line":101,"column":6},"end":{"line":113,"column":11}},"52":{"start":{"line":102,"column":8},"end":{"line":112,"column":14}},"53":{"start":{"line":105,"column":10},"end":{"line":107,"column":11},"skip":true},"54":{"start":{"line":106,"column":12},"end":{"line":106,"column":30},"skip":true},"55":{"start":{"line":109,"column":10},"end":{"line":111,"column":11}},"56":{"start":{"line":110,"column":12},"end":{"line":110,"column":19}},"57":{"start":{"line":115,"column":6},"end":{"line":120,"column":7}},"58":{"start":{"line":116,"column":8},"end":{"line":116,"column":35}},"59":{"start":{"line":117,"column":8},"end":{"line":119,"column":9}},"60":{"start":{"line":118,"column":10},"end":{"line":118,"column":21}},"61":{"start":{"line":124,"column":4},"end":{"line":124,"column":49}},"62":{"start":{"line":125,"column":4},"end":{"line":131,"column":5}},"63":{"start":{"line":128,"column":6},"end":{"line":128,"column":100}},"64":{"start":{"line":130,"column":6},"end":{"line":130,"column":68}},"65":{"start":{"line":134,"column":4},"end":{"line":138,"column":24}},"66":{"start":{"line":139,"column":4},"end":{"line":143,"column":5}},"67":{"start":{"line":140,"column":6},"end":{"line":140,"column":15}},"68":{"start":{"line":141,"column":6},"end":{"line":141,"column":15}},"69":{"start":{"line":142,"column":6},"end":{"line":142,"column":20}},"70":{"start":{"line":145,"column":4},"end":{"line":147,"column":5}},"71":{"start":{"line":146,"column":6},"end":{"line":146,"column":55}},"72":{"start":{"line":149,"column":4},"end":{"line":149,"column":29}},"73":{"start":{"line":150,"column":4},"end":{"line":150,"column":18}},"74":{"start":{"line":153,"column":4},"end":{"line":157,"column":5}},"75":{"start":{"line":154,"column":6},"end":{"line":154,"column":50}},"76":{"start":{"line":156,"column":6},"end":{"line":156,"column":101}},"77":{"start":{"line":160,"column":4},"end":{"line":160,"column":17}},"78":{"start":{"line":161,"column":4},"end":{"line":165,"column":5}},"79":{"start":{"line":162,"column":6},"end":{"line":164,"column":7}},"80":{"start":{"line":163,"column":8},"end":{"line":163,"column":27}},"81":{"start":{"line":166,"column":4},"end":{"line":166,"column":15}},"82":{"start":{"line":169,"column":4},"end":{"line":169,"column":17}},"83":{"start":{"line":172,"column":4},"end":{"line":172,"column":27}},"84":{"start":{"line":175,"column":4},"end":{"line":175,"column":26}},"85":{"start":{"line":179,"column":0},"end":{"line":230,"column":1}},"86":{"start":{"line":180,"column":2},"end":{"line":183,"column":17}},"87":{"start":{"line":185,"column":2},"end":{"line":218,"column":3}},"88":{"start":{"line":186,"column":4},"end":{"line":186,"column":45}},"89":{"start":{"line":187,"column":4},"end":{"line":217,"column":5}},"90":{"start":{"line":188,"column":6},"end":{"line":198,"column":7}},"91":{"start":{"line":189,"column":8},"end":{"line":189,"column":70}},"92":{"start":{"line":190,"column":8},"end":{"line":193,"column":11}},"93":{"start":{"line":191,"column":10},"end":{"line":191,"column":47}},"94":{"start":{"line":192,"column":10},"end":{"line":192,"column":67}},"95":{"start":{"line":195,"column":8},"end":{"line":195,"column":43}},"96":{"start":{"line":197,"column":8},"end":{"line":197,"column":87}},"97":{"start":{"line":199,"column":6},"end":{"line":199,"column":32}},"98":{"start":{"line":202,"column":6},"end":{"line":204,"column":7}},"99":{"start":{"line":203,"column":8},"end":{"line":203,"column":34}},"100":{"start":{"line":206,"column":6},"end":{"line":206,"column":85}},"101":{"start":{"line":207,"column":6},"end":{"line":207,"column":32}},"102":{"start":{"line":212,"column":6},"end":{"line":216,"column":7}},"103":{"start":{"line":213,"column":8},"end":{"line":213,"column":47}},"104":{"start":{"line":214,"column":8},"end":{"line":214,"column":64}},"105":{"start":{"line":215,"column":8},"end":{"line":215,"column":39}},"106":{"start":{"line":223,"column":2},"end":{"line":223,"column":51}},"107":{"start":{"line":224,"column":2},"end":{"line":227,"column":3}},"108":{"start":{"line":225,"column":4},"end":{"line":225,"column":62}},"109":{"start":{"line":226,"column":4},"end":{"line":226,"column":21}},"110":{"start":{"line":229,"column":2},"end":{"line":229,"column":20}},"111":{"start":{"line":232,"column":0},"end":{"line":234,"column":1}},"112":{"start":{"line":233,"column":2},"end":{"line":233,"column":71}}},"branchMap":{"1":{"line":9,"type":"cond-expr","locations":[{"start":{"line":9,"column":119},"end":{"line":9,"column":131}},{"start":{"line":9,"column":134},"end":{"line":9,"column":136}}]},"2":{"line":9,"type":"binary-expr","locations":[{"start":{"line":9,"column":66},"end":{"line":9,"column":86}},{"start":{"line":9,"column":90},"end":{"line":9,"column":116}}]},"3":{"line":12,"type":"if","locations":[{"start":{"line":12,"column":4},"end":{"line":12,"column":4}},{"start":{"line":12,"column":4},"end":{"line":12,"column":4}}]},"4":{"line":21,"type":"if","locations":[{"start":{"line":21,"column":6},"end":{"line":21,"column":6}},{"start":{"line":21,"column":6},"end":{"line":21,"column":6}}]},"5":{"line":46,"type":"if","locations":[{"start":{"line":46,"column":4},"end":{"line":46,"column":4}},{"start":{"line":46,"column":4},"end":{"line":46,"column":4}}]},"6":{"line":46,"type":"binary-expr","locations":[{"start":{"line":46,"column":8},"end":{"line":46,"column":40}},{"start":{"line":46,"column":44},"end":{"line":46,"column":64}}]},"7":{"line":57,"type":"cond-expr","locations":[{"start":{"line":57,"column":36},"end":{"line":57,"column":53}},{"start":{"line":57,"column":56},"end":{"line":57,"column":57}}]},"8":{"line":58,"type":"if","locations":[{"start":{"line":58,"column":8},"end":{"line":58,"column":8}},{"start":{"line":58,"column":8},"end":{"line":58,"column":8}}]},"9":{"line":63,"type":"binary-expr","locations":[{"start":{"line":63,"column":21},"end":{"line":63,"column":28}},{"start":{"line":63,"column":32},"end":{"line":63,"column":59}}]},"10":{"line":64,"type":"binary-expr","locations":[{"start":{"line":64,"column":24},"end":{"line":64,"column":34}},{"start":{"line":64,"column":38},"end":{"line":64,"column":50}},{"start":{"line":64,"column":54},"end":{"line":64,"column":70}}]},"11":{"line":65,"type":"if","locations":[{"start":{"line":65,"column":8},"end":{"line":65,"column":8}},{"start":{"line":65,"column":8},"end":{"line":65,"column":8}}]},"12":{"line":65,"type":"binary-expr","locations":[{"start":{"line":65,"column":12},"end":{"line":65,"column":19}},{"start":{"line":65,"column":23},"end":{"line":65,"column":33}}]},"13":{"line":74,"type":"if","locations":[{"start":{"line":74,"column":8},"end":{"line":74,"column":8}},{"start":{"line":74,"column":8},"end":{"line":74,"column":8}}]},"14":{"line":74,"type":"binary-expr","locations":[{"start":{"line":74,"column":12},"end":{"line":74,"column":19}},{"start":{"line":74,"column":23},"end":{"line":74,"column":32}},{"start":{"line":74,"column":36},"end":{"line":74,"column":70}}]},"15":{"line":86,"type":"if","locations":[{"start":{"line":86,"column":8},"end":{"line":86,"column":8}},{"start":{"line":86,"column":8},"end":{"line":86,"column":8}}]},"16":{"line":86,"type":"binary-expr","locations":[{"start":{"line":86,"column":12},"end":{"line":86,"column":41}},{"start":{"line":86,"column":45},"end":{"line":86,"column":66}}]},"17":{"line":100,"type":"if","locations":[{"start":{"line":100,"column":4},"end":{"line":100,"column":4}},{"start":{"line":100,"column":4},"end":{"line":100,"column":4}}]},"18":{"line":105,"type":"if","locations":[{"start":{"line":105,"column":10},"end":{"line":105,"column":10},"skip":true},{"start":{"line":105,"column":10},"end":{"line":105,"column":10},"skip":true}]},"19":{"line":109,"type":"if","locations":[{"start":{"line":109,"column":10},"end":{"line":109,"column":10}},{"start":{"line":109,"column":10},"end":{"line":109,"column":10}}]},"20":{"line":117,"type":"if","locations":[{"start":{"line":117,"column":8},"end":{"line":117,"column":8}},{"start":{"line":117,"column":8},"end":{"line":117,"column":8}}]},"21":{"line":125,"type":"if","locations":[{"start":{"line":125,"column":4},"end":{"line":125,"column":4}},{"start":{"line":125,"column":4},"end":{"line":125,"column":4}}]},"22":{"line":125,"type":"binary-expr","locations":[{"start":{"line":125,"column":8},"end":{"line":125,"column":12}},{"start":{"line":125,"column":16},"end":{"line":125,"column":36}},{"start":{"line":125,"column":40},"end":{"line":125,"column":64}}]},"23":{"line":139,"type":"binary-expr","locations":[{"start":{"line":139,"column":11},"end":{"line":139,"column":30}},{"start":{"line":139,"column":34},"end":{"line":139,"column":53}},{"start":{"line":139,"column":57},"end":{"line":139,"column":114}}]},"24":{"line":145,"type":"if","locations":[{"start":{"line":145,"column":4},"end":{"line":145,"column":4}},{"start":{"line":145,"column":4},"end":{"line":145,"column":4}}]},"25":{"line":153,"type":"if","locations":[{"start":{"line":153,"column":4},"end":{"line":153,"column":4}},{"start":{"line":153,"column":4},"end":{"line":153,"column":4}}]},"26":{"line":156,"type":"binary-expr","locations":[{"start":{"line":156,"column":13},"end":{"line":156,"column":27}},{"start":{"line":156,"column":31},"end":{"line":156,"column":54}},{"start":{"line":156,"column":58},"end":{"line":156,"column":100}}]},"27":{"line":162,"type":"if","locations":[{"start":{"line":162,"column":6},"end":{"line":162,"column":6}},{"start":{"line":162,"column":6},"end":{"line":162,"column":6}}]},"28":{"line":187,"type":"if","locations":[{"start":{"line":187,"column":4},"end":{"line":187,"column":4}},{"start":{"line":187,"column":4},"end":{"line":187,"column":4}}]},"29":{"line":188,"type":"if","locations":[{"start":{"line":188,"column":6},"end":{"line":188,"column":6}},{"start":{"line":188,"column":6},"end":{"line":188,"column":6}}]},"30":{"line":188,"type":"binary-expr","locations":[{"start":{"line":188,"column":10},"end":{"line":188,"column":26}},{"start":{"line":188,"column":30},"end":{"line":188,"column":45}}]},"31":{"line":192,"type":"cond-expr","locations":[{"start":{"line":192,"column":50},"end":{"line":192,"column":58}},{"start":{"line":192,"column":61},"end":{"line":192,"column":66}}]},"32":{"line":202,"type":"if","locations":[{"start":{"line":202,"column":6},"end":{"line":202,"column":6}},{"start":{"line":202,"column":6},"end":{"line":202,"column":6}}]},"33":{"line":212,"type":"if","locations":[{"start":{"line":212,"column":6},"end":{"line":212,"column":6}},{"start":{"line":212,"column":6},"end":{"line":212,"column":6}}]},"34":{"line":212,"type":"binary-expr","locations":[{"start":{"line":212,"column":10},"end":{"line":212,"column":22}},{"start":{"line":212,"column":26},"end":{"line":212,"column":60}}]},"35":{"line":224,"type":"if","locations":[{"start":{"line":224,"column":2},"end":{"line":224,"column":2}},{"start":{"line":224,"column":2},"end":{"line":224,"column":2}}]},"36":{"line":224,"type":"binary-expr","locations":[{"start":{"line":224,"column":6},"end":{"line":224,"column":22}},{"start":{"line":224,"column":26},"end":{"line":224,"column":65}},{"start":{"line":224,"column":70},"end":{"line":224,"column":89}},{"start":{"line":224,"column":93},"end":{"line":224,"column":114}},{"start":{"line":224,"column":119},"end":{"line":224,"column":155}}]}}},"/home/mquinn/Downloads/jsdiff-3.5.0/lib/util/params.js":{"path":"/home/mquinn/Downloads/jsdiff-3.5.0/lib/util/params.js","s":{"1":1,"2":1,"3":1,"4":41,"5":9,"6":32,"7":1,"8":1,"9":1,"10":41},"b":{"1":[9,32],"2":[1,31],"3":[1,0]},"f":{"1":41},"fnMap":{"1":{"name":"generateOptions","line":5,"loc":{"start":{"line":5,"column":0},"end":{"line":5,"column":44}}}},"statementMap":{"1":{"start":{"line":3,"column":0},"end":{"line":3,"column":26},"skip":true},"2":{"start":{"line":4,"column":0},"end":{"line":4,"column":66}},"3":{"start":{"line":5,"column":0},"end":{"line":17,"column":1}},"4":{"start":{"line":6,"column":2},"end":{"line":15,"column":3}},"5":{"start":{"line":7,"column":4},"end":{"line":7,"column":32}},"6":{"start":{"line":8,"column":9},"end":{"line":15,"column":3}},"7":{"start":{"line":9,"column":4},"end":{"line":14,"column":5}},"8":{"start":{"line":11,"column":6},"end":{"line":13,"column":7}},"9":{"start":{"line":12,"column":8},"end":{"line":12,"column":39}},"10":{"start":{"line":16,"column":2},"end":{"line":16,"column":18}}},"branchMap":{"1":{"line":6,"type":"if","locations":[{"start":{"line":6,"column":2},"end":{"line":6,"column":2}},{"start":{"line":6,"column":2},"end":{"line":6,"column":2}}]},"2":{"line":8,"type":"if","locations":[{"start":{"line":8,"column":9},"end":{"line":8,"column":9}},{"start":{"line":8,"column":9},"end":{"line":8,"column":9}}]},"3":{"line":11,"type":"if","locations":[{"start":{"line":11,"column":6},"end":{"line":11,"column":6}},{"start":{"line":11,"column":6},"end":{"line":11,"column":6},"skip":true}]}}},"/home/mquinn/Downloads/jsdiff-3.5.0/lib/diff/array.js":{"path":"/home/mquinn/Downloads/jsdiff-3.5.0/lib/diff/array.js","s":{"1":1,"2":1,"3":1,"4":1,"5":1,"6":1,"7":1,"8":1,"9":1,"10":10,"11":1,"12":26,"13":1,"14":5},"b":{"1":[1,0],"2":[1,1]},"f":{"1":1,"2":10,"3":26,"4":5},"fnMap":{"1":{"name":"_interopRequireDefault","line":11,"loc":{"start":{"line":11,"column":0},"end":{"line":11,"column":37}},"skip":true},"2":{"name":"(anonymous_2)","line":14,"loc":{"start":{"line":14,"column":21},"end":{"line":14,"column":38}}},"3":{"name":"(anonymous_3)","line":17,"loc":{"start":{"line":17,"column":41},"end":{"line":17,"column":58}}},"4":{"name":"diffArrays","line":21,"loc":{"start":{"line":21,"column":0},"end":{"line":21,"column":46}}}},"statementMap":{"1":{"start":{"line":3,"column":0},"end":{"line":3,"column":26},"skip":true},"2":{"start":{"line":4,"column":0},"end":{"line":4,"column":30},"skip":true},"3":{"start":{"line":5,"column":0},"end":{"line":5,"column":56}},"4":{"start":{"line":7,"column":0},"end":{"line":7,"column":79}},"5":{"start":{"line":9,"column":25},"end":{"line":9,"column":68}},"6":{"start":{"line":11,"column":0},"end":{"line":11,"column":97},"skip":true},"7":{"start":{"line":11,"column":39},"end":{"line":11,"column":95},"skip":true},"8":{"start":{"line":13,"column":23},"end":{"line":13,"column":181}},"9":{"start":{"line":14,"column":0},"end":{"line":16,"column":2}},"10":{"start":{"line":15,"column":2},"end":{"line":15,"column":23}},"11":{"start":{"line":17,"column":0},"end":{"line":19,"column":2}},"12":{"start":{"line":18,"column":2},"end":{"line":18,"column":15}},"13":{"start":{"line":21,"column":0},"end":{"line":23,"column":1}},"14":{"start":{"line":22,"column":2},"end":{"line":22,"column":50}}},"branchMap":{"1":{"line":11,"type":"cond-expr","locations":[{"start":{"line":11,"column":70},"end":{"line":11,"column":73},"skip":true},{"start":{"line":11,"column":76},"end":{"line":11,"column":94},"skip":true}]},"2":{"line":11,"type":"binary-expr","locations":[{"start":{"line":11,"column":46},"end":{"line":11,"column":49},"skip":true},{"start":{"line":11,"column":53},"end":{"line":11,"column":67},"skip":true}]}}},"/home/mquinn/Downloads/jsdiff-3.5.0/lib/diff/character.js":{"path":"/home/mquinn/Downloads/jsdiff-3.5.0/lib/diff/character.js","s":{"1":1,"2":1,"3":1,"4":1,"5":1,"6":1,"7":1,"8":1,"9":1,"10":3},"b":{"1":[1,0],"2":[1,1]},"f":{"1":1,"2":3},"fnMap":{"1":{"name":"_interopRequireDefault","line":11,"loc":{"start":{"line":11,"column":0},"end":{"line":11,"column":37}},"skip":true},"2":{"name":"diffChars","line":14,"loc":{"start":{"line":14,"column":0},"end":{"line":14,"column":44}}}},"statementMap":{"1":{"start":{"line":3,"column":0},"end":{"line":3,"column":26},"skip":true},"2":{"start":{"line":4,"column":0},"end":{"line":4,"column":34},"skip":true},"3":{"start":{"line":5,"column":0},"end":{"line":5,"column":54}},"4":{"start":{"line":7,"column":0},"end":{"line":7,"column":79}},"5":{"start":{"line":9,"column":25},"end":{"line":9,"column":68}},"6":{"start":{"line":11,"column":0},"end":{"line":11,"column":97},"skip":true},"7":{"start":{"line":11,"column":39},"end":{"line":11,"column":95},"skip":true},"8":{"start":{"line":13,"column":23},"end":{"line":13,"column":189}},"9":{"start":{"line":14,"column":0},"end":{"line":16,"column":1}},"10":{"start":{"line":15,"column":2},"end":{"line":15,"column":53}}},"branchMap":{"1":{"line":11,"type":"cond-expr","locations":[{"start":{"line":11,"column":70},"end":{"line":11,"column":73},"skip":true},{"start":{"line":11,"column":76},"end":{"line":11,"column":94},"skip":true}]},"2":{"line":11,"type":"binary-expr","locations":[{"start":{"line":11,"column":46},"end":{"line":11,"column":49},"skip":true},{"start":{"line":11,"column":53},"end":{"line":11,"column":67},"skip":true}]}}},"/home/mquinn/Downloads/jsdiff-3.5.0/lib/convert/xml.js":{"path":"/home/mquinn/Downloads/jsdiff-3.5.0/lib/convert/xml.js","s":{"1":1,"2":1,"3":1,"4":47,"5":47,"6":131,"7":131,"8":37,"9":94,"10":35,"11":131,"12":131,"13":37,"14":94,"15":35,"16":47,"17":1,"18":131,"19":131,"20":131,"21":131,"22":131,"23":131},"b":{"1":[37,94],"2":[35,59],"3":[37,94],"4":[35,59]},"f":{"1":47,"2":131},"fnMap":{"1":{"name":"convertChangesToXML","line":5,"loc":{"start":{"line":5,"column":0},"end":{"line":5,"column":38}}},"2":{"name":"escapeHTML","line":26,"loc":{"start":{"line":26,"column":0},"end":{"line":26,"column":23}}}},"statementMap":{"1":{"start":{"line":3,"column":0},"end":{"line":3,"column":26},"skip":true},"2":{"start":{"line":4,"column":0},"end":{"line":4,"column":74}},"3":{"start":{"line":5,"column":0},"end":{"line":24,"column":1}},"4":{"start":{"line":6,"column":2},"end":{"line":6,"column":15}},"5":{"start":{"line":7,"column":2},"end":{"line":22,"column":3}},"6":{"start":{"line":8,"column":4},"end":{"line":8,"column":28}},"7":{"start":{"line":9,"column":4},"end":{"line":13,"column":5}},"8":{"start":{"line":10,"column":6},"end":{"line":10,"column":24}},"9":{"start":{"line":11,"column":11},"end":{"line":13,"column":5}},"10":{"start":{"line":12,"column":6},"end":{"line":12,"column":24}},"11":{"start":{"line":15,"column":4},"end":{"line":15,"column":39}},"12":{"start":{"line":17,"column":4},"end":{"line":21,"column":5}},"13":{"start":{"line":18,"column":6},"end":{"line":18,"column":25}},"14":{"start":{"line":19,"column":11},"end":{"line":21,"column":5}},"15":{"start":{"line":20,"column":6},"end":{"line":20,"column":25}},"16":{"start":{"line":23,"column":2},"end":{"line":23,"column":22}},"17":{"start":{"line":26,"column":0},"end":{"line":34,"column":1}},"18":{"start":{"line":27,"column":2},"end":{"line":27,"column":12}},"19":{"start":{"line":28,"column":2},"end":{"line":28,"column":31}},"20":{"start":{"line":29,"column":2},"end":{"line":29,"column":30}},"21":{"start":{"line":30,"column":2},"end":{"line":30,"column":30}},"22":{"start":{"line":31,"column":2},"end":{"line":31,"column":32}},"23":{"start":{"line":33,"column":2},"end":{"line":33,"column":11}}},"branchMap":{"1":{"line":9,"type":"if","locations":[{"start":{"line":9,"column":4},"end":{"line":9,"column":4}},{"start":{"line":9,"column":4},"end":{"line":9,"column":4}}]},"2":{"line":11,"type":"if","locations":[{"start":{"line":11,"column":11},"end":{"line":11,"column":11}},{"start":{"line":11,"column":11},"end":{"line":11,"column":11}}]},"3":{"line":17,"type":"if","locations":[{"start":{"line":17,"column":4},"end":{"line":17,"column":4}},{"start":{"line":17,"column":4},"end":{"line":17,"column":4}}]},"4":{"line":19,"type":"if","locations":[{"start":{"line":19,"column":11},"end":{"line":19,"column":11}},{"start":{"line":19,"column":11},"end":{"line":19,"column":11}}]}}},"/home/mquinn/Downloads/jsdiff-3.5.0/lib/diff/css.js":{"path":"/home/mquinn/Downloads/jsdiff-3.5.0/lib/diff/css.js","s":{"1":1,"2":1,"3":1,"4":1,"5":1,"6":1,"7":1,"8":1,"9":1,"10":2,"11":1,"12":1},"b":{"1":[1,0],"2":[1,1]},"f":{"1":1,"2":2,"3":1},"fnMap":{"1":{"name":"_interopRequireDefault","line":11,"loc":{"start":{"line":11,"column":0},"end":{"line":11,"column":37}},"skip":true},"2":{"name":"(anonymous_2)","line":14,"loc":{"start":{"line":14,"column":19},"end":{"line":14,"column":36}}},"3":{"name":"diffCss","line":18,"loc":{"start":{"line":18,"column":0},"end":{"line":18,"column":43}}}},"statementMap":{"1":{"start":{"line":3,"column":0},"end":{"line":3,"column":26},"skip":true},"2":{"start":{"line":4,"column":0},"end":{"line":4,"column":28},"skip":true},"3":{"start":{"line":5,"column":0},"end":{"line":5,"column":50}},"4":{"start":{"line":7,"column":0},"end":{"line":7,"column":79}},"5":{"start":{"line":9,"column":25},"end":{"line":9,"column":68}},"6":{"start":{"line":11,"column":0},"end":{"line":11,"column":97},"skip":true},"7":{"start":{"line":11,"column":39},"end":{"line":11,"column":95},"skip":true},"8":{"start":{"line":13,"column":23},"end":{"line":13,"column":177}},"9":{"start":{"line":14,"column":0},"end":{"line":16,"column":2}},"10":{"start":{"line":15,"column":2},"end":{"line":15,"column":38}},"11":{"start":{"line":18,"column":0},"end":{"line":20,"column":1}},"12":{"start":{"line":19,"column":2},"end":{"line":19,"column":48}}},"branchMap":{"1":{"line":11,"type":"cond-expr","locations":[{"start":{"line":11,"column":70},"end":{"line":11,"column":73},"skip":true},{"start":{"line":11,"column":76},"end":{"line":11,"column":94},"skip":true}]},"2":{"line":11,"type":"binary-expr","locations":[{"start":{"line":11,"column":46},"end":{"line":11,"column":49},"skip":true},{"start":{"line":11,"column":53},"end":{"line":11,"column":67},"skip":true}]}}},"/home/mquinn/Downloads/jsdiff-3.5.0/lib/diff/json.js":{"path":"/home/mquinn/Downloads/jsdiff-3.5.0/lib/diff/json.js","s":{"1":1,"2":1,"3":1,"4":104,"5":0,"6":1,"7":1,"8":1,"9":1,"10":1,"11":1,"12":1,"13":1,"14":1,"15":1,"16":1,"17":1,"18":29,"19":159,"20":29,"21":1,"22":85,"23":1,"24":15,"25":1,"26":111,"27":111,"28":111,"29":93,"30":111,"31":111,"32":100,"33":2,"34":109,"35":109,"36":4,"37":4,"38":4,"39":4,"40":10,"41":4,"42":4,"43":4,"44":105,"45":5,"46":105,"47":36,"48":36,"49":36,"50":36,"51":36,"52":70,"53":70,"54":36,"55":36,"56":70,"57":70,"58":36,"59":36,"60":69,"61":105},"b":{"1":[1,0],"2":[1,1],"3":[0,0],"4":[0,0,0,0],"5":[1,0],"6":[1,1],"7":[23,6],"8":[3,156],"9":[2,27],"10":[111,31],"11":[111,31],"12":[93,18],"13":[2,98],"14":[4,105],"15":[5,100],"16":[105,102],"17":[36,69],"18":[105,38],"19":[1,104],"20":[70,0]},"f":{"1":104,"2":0,"3":1,"4":29,"5":159,"6":85,"7":15,"8":111},"fnMap":{"1":{"name":"(anonymous_1)","line":6,"loc":{"start":{"line":6,"column":84},"end":{"line":6,"column":99}},"skip":true},"2":{"name":"(anonymous_2)","line":6,"loc":{"start":{"line":6,"column":124},"end":{"line":6,"column":139}},"skip":true},"3":{"name":"_interopRequireDefault","line":17,"loc":{"start":{"line":17,"column":25},"end":{"line":17,"column":62}}},"4":{"name":"(anonymous_4)","line":27,"loc":{"start":{"line":27,"column":21},"end":{"line":27,"column":38}}},"5":{"name":"(anonymous_5)","line":31,"loc":{"start":{"line":31,"column":64},"end":{"line":31,"column":105}}},"6":{"name":"(anonymous_6)","line":39,"loc":{"start":{"line":39,"column":18},"end":{"line":39,"column":41}}},"7":{"name":"diffJson","line":44,"loc":{"start":{"line":44,"column":0},"end":{"line":44,"column":43}}},"8":{"name":"canonicalize","line":50,"loc":{"start":{"line":50,"column":0},"end":{"line":50,"column":67}}}},"statementMap":{"1":{"start":{"line":3,"column":0},"end":{"line":3,"column":26},"skip":true},"2":{"start":{"line":4,"column":0},"end":{"line":4,"column":29},"skip":true},"3":{"start":{"line":6,"column":0},"end":{"line":6,"column":269},"skip":true},"4":{"start":{"line":6,"column":101},"end":{"line":6,"column":119},"skip":true},"5":{"start":{"line":6,"column":141},"end":{"line":6,"column":266},"skip":true},"6":{"start":{"line":8,"column":0},"end":{"line":8,"column":52}},"7":{"start":{"line":9,"column":25},"end":{"line":9,"column":85}},"8":{"start":{"line":11,"column":0},"end":{"line":11,"column":79}},"9":{"start":{"line":13,"column":25},"end":{"line":13,"column":68}},"10":{"start":{"line":15,"column":23},"end":{"line":15,"column":102}},"11":{"start":{"line":17,"column":25},"end":{"line":17,"column":122}},"12":{"start":{"line":17,"column":64},"end":{"line":17,"column":120},"skip":true},"13":{"start":{"line":19,"column":23},"end":{"line":19,"column":79}},"14":{"start":{"line":21,"column":0},"end":{"line":21,"column":156}},"15":{"start":{"line":24,"column":0},"end":{"line":24,"column":32}},"16":{"start":{"line":26,"column":0},"end":{"line":26,"column":93}},"17":{"start":{"line":27,"column":0},"end":{"line":38,"column":2}},"18":{"start":{"line":28,"column":27},"end":{"line":34,"column":28}},"19":{"start":{"line":32,"column":4},"end":{"line":33,"column":6}},"20":{"start":{"line":37,"column":2},"end":{"line":37,"column":137}},"21":{"start":{"line":39,"column":0},"end":{"line":42,"column":2}},"22":{"start":{"line":40,"column":2},"end":{"line":41,"column":4}},"23":{"start":{"line":44,"column":0},"end":{"line":46,"column":1}},"24":{"start":{"line":45,"column":2},"end":{"line":45,"column":48}},"25":{"start":{"line":50,"column":0},"end":{"line":107,"column":1}},"26":{"start":{"line":51,"column":2},"end":{"line":51,"column":22}},"27":{"start":{"line":52,"column":2},"end":{"line":52,"column":44}},"28":{"start":{"line":54,"column":2},"end":{"line":56,"column":3}},"29":{"start":{"line":55,"column":4},"end":{"line":55,"column":29}},"30":{"start":{"line":58,"column":2},"end":{"line":58,"column":66}},"31":{"start":{"line":60,"column":2},"end":{"line":64,"column":3}},"32":{"start":{"line":61,"column":4},"end":{"line":63,"column":5}},"33":{"start":{"line":62,"column":6},"end":{"line":62,"column":33}},"34":{"start":{"line":66,"column":2},"end":{"line":66,"column":81}},"35":{"start":{"line":68,"column":2},"end":{"line":78,"column":3}},"36":{"start":{"line":69,"column":4},"end":{"line":69,"column":20}},"37":{"start":{"line":70,"column":4},"end":{"line":70,"column":45}},"38":{"start":{"line":71,"column":4},"end":{"line":71,"column":44}},"39":{"start":{"line":72,"column":4},"end":{"line":74,"column":5}},"40":{"start":{"line":73,"column":6},"end":{"line":73,"column":89}},"41":{"start":{"line":75,"column":4},"end":{"line":75,"column":16}},"42":{"start":{"line":76,"column":4},"end":{"line":76,"column":27}},"43":{"start":{"line":77,"column":4},"end":{"line":77,"column":28}},"44":{"start":{"line":80,"column":2},"end":{"line":82,"column":3}},"45":{"start":{"line":81,"column":4},"end":{"line":81,"column":23}},"46":{"start":{"line":84,"column":2},"end":{"line":105,"column":3}},"47":{"start":{"line":85,"column":4},"end":{"line":85,"column":20}},"48":{"start":{"line":86,"column":4},"end":{"line":86,"column":26}},"49":{"start":{"line":87,"column":4},"end":{"line":87,"column":44}},"50":{"start":{"line":88,"column":4},"end":{"line":89,"column":71}},"51":{"start":{"line":90,"column":4},"end":{"line":95,"column":5}},"52":{"start":{"line":92,"column":6},"end":{"line":94,"column":7}},"53":{"start":{"line":93,"column":8},"end":{"line":93,"column":30}},"54":{"start":{"line":96,"column":4},"end":{"line":96,"column":22}},"55":{"start":{"line":97,"column":4},"end":{"line":100,"column":5}},"56":{"start":{"line":98,"column":6},"end":{"line":98,"column":27}},"57":{"start":{"line":99,"column":6},"end":{"line":99,"column":96}},"58":{"start":{"line":101,"column":4},"end":{"line":101,"column":16}},"59":{"start":{"line":102,"column":4},"end":{"line":102,"column":27}},"60":{"start":{"line":104,"column":4},"end":{"line":104,"column":27}},"61":{"start":{"line":106,"column":2},"end":{"line":106,"column":26}}},"branchMap":{"1":{"line":6,"type":"cond-expr","locations":[{"start":{"line":6,"column":84},"end":{"line":6,"column":121},"skip":true},{"start":{"line":6,"column":124},"end":{"line":6,"column":268},"skip":true}]},"2":{"line":6,"type":"binary-expr","locations":[{"start":{"line":6,"column":14},"end":{"line":6,"column":42},"skip":true},{"start":{"line":6,"column":46},"end":{"line":6,"column":81},"skip":true}]},"3":{"line":6,"type":"cond-expr","locations":[{"start":{"line":6,"column":244},"end":{"line":6,"column":252},"skip":true},{"start":{"line":6,"column":255},"end":{"line":6,"column":265},"skip":true}]},"4":{"line":6,"type":"binary-expr","locations":[{"start":{"line":6,"column":148},"end":{"line":6,"column":151},"skip":true},{"start":{"line":6,"column":155},"end":{"line":6,"column":183},"skip":true},{"start":{"line":6,"column":187},"end":{"line":6,"column":213},"skip":true},{"start":{"line":6,"column":217},"end":{"line":6,"column":241},"skip":true}]},"5":{"line":17,"type":"cond-expr","locations":[{"start":{"line":17,"column":95},"end":{"line":17,"column":98},"skip":true},{"start":{"line":17,"column":101},"end":{"line":17,"column":119},"skip":true}]},"6":{"line":17,"type":"binary-expr","locations":[{"start":{"line":17,"column":71},"end":{"line":17,"column":74},"skip":true},{"start":{"line":17,"column":78},"end":{"line":17,"column":92},"skip":true}]},"7":{"line":31,"type":"cond-expr","locations":[{"start":{"line":31,"column":64},"end":{"line":34,"column":3}},{"start":{"line":34,"column":6},"end":{"line":34,"column":27}}]},"8":{"line":32,"type":"cond-expr","locations":[{"start":{"line":32,"column":62},"end":{"line":32,"column":82}},{"start":{"line":32,"column":85},"end":{"line":32,"column":86}}]},"9":{"line":37,"type":"cond-expr","locations":[{"start":{"line":37,"column":37},"end":{"line":37,"column":42}},{"start":{"line":37,"column":45},"end":{"line":37,"column":136}}]},"10":{"line":51,"type":"binary-expr","locations":[{"start":{"line":51,"column":10},"end":{"line":51,"column":15}},{"start":{"line":51,"column":19},"end":{"line":51,"column":21}}]},"11":{"line":52,"type":"binary-expr","locations":[{"start":{"line":52,"column":21},"end":{"line":52,"column":37}},{"start":{"line":52,"column":41},"end":{"line":52,"column":43}}]},"12":{"line":54,"type":"if","locations":[{"start":{"line":54,"column":2},"end":{"line":54,"column":2}},{"start":{"line":54,"column":2},"end":{"line":54,"column":2}}]},"13":{"line":61,"type":"if","locations":[{"start":{"line":61,"column":4},"end":{"line":61,"column":4}},{"start":{"line":61,"column":4},"end":{"line":61,"column":4}}]},"14":{"line":68,"type":"if","locations":[{"start":{"line":68,"column":2},"end":{"line":68,"column":2}},{"start":{"line":68,"column":2},"end":{"line":68,"column":2}}]},"15":{"line":80,"type":"if","locations":[{"start":{"line":80,"column":2},"end":{"line":80,"column":2}},{"start":{"line":80,"column":2},"end":{"line":80,"column":2}}]},"16":{"line":80,"type":"binary-expr","locations":[{"start":{"line":80,"column":6},"end":{"line":80,"column":9}},{"start":{"line":80,"column":13},"end":{"line":80,"column":23}}]},"17":{"line":84,"type":"if","locations":[{"start":{"line":84,"column":2},"end":{"line":84,"column":2}},{"start":{"line":84,"column":2},"end":{"line":84,"column":2}}]},"18":{"line":84,"type":"binary-expr","locations":[{"start":{"line":84,"column":32},"end":{"line":84,"column":125}},{"start":{"line":84,"column":129},"end":{"line":84,"column":141}}]},"19":{"line":84,"type":"cond-expr","locations":[{"start":{"line":84,"column":85},"end":{"line":84,"column":96}},{"start":{"line":84,"column":99},"end":{"line":84,"column":111}}]},"20":{"line":92,"type":"if","locations":[{"start":{"line":92,"column":6},"end":{"line":92,"column":6}},{"start":{"line":92,"column":6},"end":{"line":92,"column":6},"skip":true}]}}},"/home/mquinn/Downloads/jsdiff-3.5.0/lib/diff/line.js":{"path":"/home/mquinn/Downloads/jsdiff-3.5.0/lib/diff/line.js","s":{"1":1,"2":1,"3":1,"4":1,"5":1,"6":1,"7":1,"8":1,"9":1,"10":1,"11":1,"12":94,"13":94,"14":26,"15":94,"16":1240,"17":1240,"18":584,"19":656,"20":24,"21":656,"22":94,"23":1,"24":29,"25":1,"26":4,"27":4},"b":{"1":[1,0],"2":[1,1],"3":[26,68],"4":[584,656],"5":[1240,586],"6":[24,632]},"f":{"1":1,"2":94,"3":29,"4":4},"fnMap":{"1":{"name":"_interopRequireDefault","line":14,"loc":{"start":{"line":14,"column":25},"end":{"line":14,"column":62}}},"2":{"name":"(anonymous_2)","line":17,"loc":{"start":{"line":17,"column":20},"end":{"line":17,"column":37}}},"3":{"name":"diffLines","line":43,"loc":{"start":{"line":43,"column":0},"end":{"line":43,"column":45}}},"4":{"name":"diffTrimmedLines","line":46,"loc":{"start":{"line":46,"column":0},"end":{"line":46,"column":52}}}},"statementMap":{"1":{"start":{"line":3,"column":0},"end":{"line":3,"column":26},"skip":true},"2":{"start":{"line":4,"column":0},"end":{"line":4,"column":29},"skip":true},"3":{"start":{"line":5,"column":0},"end":{"line":5,"column":54}},"4":{"start":{"line":6,"column":25},"end":{"line":6,"column":93}},"5":{"start":{"line":8,"column":0},"end":{"line":8,"column":79}},"6":{"start":{"line":10,"column":25},"end":{"line":10,"column":68}},"7":{"start":{"line":12,"column":23},"end":{"line":12,"column":112}},"8":{"start":{"line":14,"column":25},"end":{"line":14,"column":122}},"9":{"start":{"line":14,"column":64},"end":{"line":14,"column":120},"skip":true},"10":{"start":{"line":16,"column":23},"end":{"line":16,"column":179}},"11":{"start":{"line":17,"column":0},"end":{"line":41,"column":2}},"12":{"start":{"line":18,"column":2},"end":{"line":19,"column":50}},"13":{"start":{"line":22,"column":2},"end":{"line":24,"column":3}},"14":{"start":{"line":23,"column":4},"end":{"line":23,"column":27}},"15":{"start":{"line":27,"column":2},"end":{"line":38,"column":3}},"16":{"start":{"line":28,"column":4},"end":{"line":28,"column":35}},"17":{"start":{"line":30,"column":4},"end":{"line":37,"column":5}},"18":{"start":{"line":31,"column":6},"end":{"line":31,"column":44}},"19":{"start":{"line":33,"column":6},"end":{"line":35,"column":7}},"20":{"start":{"line":34,"column":8},"end":{"line":34,"column":27}},"21":{"start":{"line":36,"column":6},"end":{"line":36,"column":26}},"22":{"start":{"line":40,"column":2},"end":{"line":40,"column":18}},"23":{"start":{"line":43,"column":0},"end":{"line":45,"column":1}},"24":{"start":{"line":44,"column":2},"end":{"line":44,"column":49}},"25":{"start":{"line":46,"column":0},"end":{"line":49,"column":1}},"26":{"start":{"line":47,"column":2},"end":{"line":47,"column":132}},"27":{"start":{"line":48,"column":2},"end":{"line":48,"column":48}}},"branchMap":{"1":{"line":14,"type":"cond-expr","locations":[{"start":{"line":14,"column":95},"end":{"line":14,"column":98},"skip":true},{"start":{"line":14,"column":101},"end":{"line":14,"column":119},"skip":true}]},"2":{"line":14,"type":"binary-expr","locations":[{"start":{"line":14,"column":71},"end":{"line":14,"column":74},"skip":true},{"start":{"line":14,"column":78},"end":{"line":14,"column":92},"skip":true}]},"3":{"line":22,"type":"if","locations":[{"start":{"line":22,"column":2},"end":{"line":22,"column":2}},{"start":{"line":22,"column":2},"end":{"line":22,"column":2}}]},"4":{"line":30,"type":"if","locations":[{"start":{"line":30,"column":4},"end":{"line":30,"column":4}},{"start":{"line":30,"column":4},"end":{"line":30,"column":4}}]},"5":{"line":30,"type":"binary-expr","locations":[{"start":{"line":30,"column":8},"end":{"line":30,"column":13}},{"start":{"line":30,"column":17},"end":{"line":30,"column":45}}]},"6":{"line":33,"type":"if","locations":[{"start":{"line":33,"column":6},"end":{"line":33,"column":6}},{"start":{"line":33,"column":6},"end":{"line":33,"column":6}}]}}},"/home/mquinn/Downloads/jsdiff-3.5.0/lib/diff/sentence.js":{"path":"/home/mquinn/Downloads/jsdiff-3.5.0/lib/diff/sentence.js","s":{"1":1,"2":1,"3":1,"4":1,"5":1,"6":1,"7":1,"8":1,"9":1,"10":4,"11":1,"12":2},"b":{"1":[1,0],"2":[1,1]},"f":{"1":1,"2":4,"3":2},"fnMap":{"1":{"name":"_interopRequireDefault","line":11,"loc":{"start":{"line":11,"column":0},"end":{"line":11,"column":37}},"skip":true},"2":{"name":"(anonymous_2)","line":14,"loc":{"start":{"line":14,"column":24},"end":{"line":14,"column":41}}},"3":{"name":"diffSentences","line":18,"loc":{"start":{"line":18,"column":0},"end":{"line":18,"column":49}}}},"statementMap":{"1":{"start":{"line":3,"column":0},"end":{"line":3,"column":26},"skip":true},"2":{"start":{"line":4,"column":0},"end":{"line":4,"column":33},"skip":true},"3":{"start":{"line":5,"column":0},"end":{"line":5,"column":62}},"4":{"start":{"line":7,"column":0},"end":{"line":7,"column":79}},"5":{"start":{"line":9,"column":25},"end":{"line":9,"column":68}},"6":{"start":{"line":11,"column":0},"end":{"line":11,"column":97},"skip":true},"7":{"start":{"line":11,"column":39},"end":{"line":11,"column":95},"skip":true},"8":{"start":{"line":13,"column":23},"end":{"line":13,"column":187}},"9":{"start":{"line":14,"column":0},"end":{"line":16,"column":2}},"10":{"start":{"line":15,"column":2},"end":{"line":15,"column":46}},"11":{"start":{"line":18,"column":0},"end":{"line":20,"column":1}},"12":{"start":{"line":19,"column":2},"end":{"line":19,"column":53}}},"branchMap":{"1":{"line":11,"type":"cond-expr","locations":[{"start":{"line":11,"column":70},"end":{"line":11,"column":73},"skip":true},{"start":{"line":11,"column":76},"end":{"line":11,"column":94},"skip":true}]},"2":{"line":11,"type":"binary-expr","locations":[{"start":{"line":11,"column":46},"end":{"line":11,"column":49},"skip":true},{"start":{"line":11,"column":53},"end":{"line":11,"column":67},"skip":true}]}}},"/home/mquinn/Downloads/jsdiff-3.5.0/lib/index.js":{"path":"/home/mquinn/Downloads/jsdiff-3.5.0/lib/index.js","s":{"1":1,"2":1,"3":1,"4":1,"5":1,"6":1,"7":1,"8":1,"9":1,"10":1,"11":1,"12":1,"13":1,"14":1,"15":1,"16":1,"17":1,"18":1,"19":1,"20":1,"21":1,"22":1,"23":1,"24":1,"25":1,"26":1,"27":1,"28":1,"29":1,"30":1,"31":1,"32":1,"33":1,"34":1,"35":1,"36":1,"37":1,"38":1,"39":1},"b":{"1":[1,0],"2":[1,1]},"f":{"1":1},"fnMap":{"1":{"name":"_interopRequireDefault","line":36,"loc":{"start":{"line":36,"column":25},"end":{"line":36,"column":62}}}},"statementMap":{"1":{"start":{"line":3,"column":0},"end":{"line":3,"column":26},"skip":true},"2":{"start":{"line":4,"column":0},"end":{"line":4,"column":465},"skip":true},"3":{"start":{"line":6,"column":23},"end":{"line":6,"column":107}},"4":{"start":{"line":8,"column":25},"end":{"line":8,"column":68}},"5":{"start":{"line":10,"column":23},"end":{"line":10,"column":117}},"6":{"start":{"line":12,"column":0},"end":{"line":12,"column":84}},"7":{"start":{"line":14,"column":0},"end":{"line":14,"column":84}},"8":{"start":{"line":16,"column":0},"end":{"line":16,"column":92}},"9":{"start":{"line":18,"column":0},"end":{"line":18,"column":82}},"10":{"start":{"line":20,"column":0},"end":{"line":20,"column":84}},"11":{"start":{"line":22,"column":0},"end":{"line":22,"column":86}},"12":{"start":{"line":24,"column":0},"end":{"line":24,"column":87}},"13":{"start":{"line":26,"column":0},"end":{"line":26,"column":87}},"14":{"start":{"line":28,"column":0},"end":{"line":28,"column":87}},"15":{"start":{"line":30,"column":0},"end":{"line":30,"column":89}},"16":{"start":{"line":32,"column":0},"end":{"line":32,"column":85}},"17":{"start":{"line":34,"column":0},"end":{"line":34,"column":85}},"18":{"start":{"line":36,"column":25},"end":{"line":36,"column":122}},"19":{"start":{"line":36,"column":64},"end":{"line":36,"column":120},"skip":true},"20":{"start":{"line":54,"column":0},"end":{"line":54,"column":57}},"21":{"start":{"line":55,"column":25},"end":{"line":55,"column":90}},"22":{"start":{"line":56,"column":25},"end":{"line":56,"column":85}},"23":{"start":{"line":57,"column":25},"end":{"line":57,"column":103}},"24":{"start":{"line":58,"column":25},"end":{"line":58,"column":85}},"25":{"start":{"line":59,"column":25},"end":{"line":59,"column":99}},"26":{"start":{"line":60,"column":25},"end":{"line":60,"column":97}},"27":{"start":{"line":61,"column":25},"end":{"line":61,"column":80}},"28":{"start":{"line":62,"column":25},"end":{"line":62,"column":83}},"29":{"start":{"line":63,"column":25},"end":{"line":63,"column":88}},"30":{"start":{"line":64,"column":25},"end":{"line":64,"column":99}},"31":{"start":{"line":65,"column":25},"end":{"line":65,"column":107}},"32":{"start":{"line":66,"column":25},"end":{"line":66,"column":91}},"33":{"start":{"line":67,"column":25},"end":{"line":67,"column":88}},"34":{"start":{"line":68,"column":25},"end":{"line":68,"column":92}},"35":{"start":{"line":69,"column":25},"end":{"line":69,"column":88}},"36":{"start":{"line":70,"column":25},"end":{"line":70,"column":78}},"37":{"start":{"line":71,"column":25},"end":{"line":71,"column":104}},"38":{"start":{"line":72,"column":25},"end":{"line":72,"column":104}},"39":{"start":{"line":73,"column":25},"end":{"line":73,"column":91}}},"branchMap":{"1":{"line":36,"type":"cond-expr","locations":[{"start":{"line":36,"column":95},"end":{"line":36,"column":98},"skip":true},{"start":{"line":36,"column":101},"end":{"line":36,"column":119},"skip":true}]},"2":{"line":36,"type":"binary-expr","locations":[{"start":{"line":36,"column":71},"end":{"line":36,"column":74},"skip":true},{"start":{"line":36,"column":78},"end":{"line":36,"column":92},"skip":true}]}}},"/home/mquinn/Downloads/jsdiff-3.5.0/lib/patch/apply.js":{"path":"/home/mquinn/Downloads/jsdiff-3.5.0/lib/patch/apply.js","s":{"1":1,"2":1,"3":1,"4":1,"5":1,"6":1,"7":1,"8":1,"9":1,"10":36,"11":36,"12":24,"13":36,"14":26,"15":1,"16":25,"17":35,"18":135,"19":1,"20":45,"21":186,"22":186,"23":138,"24":10,"25":10,"26":9,"27":129,"28":36,"29":35,"30":37,"31":37,"32":37,"33":45,"34":36,"35":36,"36":37,"37":1,"38":36,"39":34,"40":34,"41":36,"42":36,"43":36,"44":1,"45":36,"46":175,"47":175,"48":110,"49":65,"50":17,"51":17,"52":48,"53":41,"54":41,"55":41,"56":7,"57":7,"58":7,"59":1,"60":6,"61":2,"62":34,"63":1,"64":1,"65":1,"66":33,"67":2,"68":2,"69":34,"70":190,"71":34,"72":1,"73":6,"74":5,"75":6,"76":1,"77":14,"78":14,"79":4,"80":10,"81":10,"82":1,"83":9,"84":9,"85":9,"86":1,"87":8,"88":6},"b":{"1":[1,0],"2":[1,1],"3":[11,25],"4":[36,11],"5":[24,12],"6":[26,10],"7":[1,25],"8":[35,3],"9":[35,34],"10":[35,34],"11":[185,1],"12":[185,1],"13":[138,48],"14":[186,65],"15":[10,128],"16":[9,1],"17":[36,9],"18":[1,36],"19":[1,35],"20":[174,1],"21":[174,1],"22":[110,65],"23":[17,48],"24":[41,7],"25":[7,0],"26":[6,1],"27":[1,6],"28":[2,4],"29":[1,33],"30":[2,31],"31":[5,1],"32":[4,10],"33":[1,9],"34":[1,8]},"f":{"1":1,"2":36,"3":135,"4":45,"5":6,"6":14,"7":10,"8":9},"fnMap":{"1":{"name":"_interopRequireDefault","line":13,"loc":{"start":{"line":13,"column":0},"end":{"line":13,"column":37}},"skip":true},"2":{"name":"applyPatch","line":15,"loc":{"start":{"line":15,"column":23},"end":{"line":15,"column":60}}},"3":{"name":"(anonymous_3)","line":34,"loc":{"start":{"line":34,"column":43},"end":{"line":34,"column":121}}},"4":{"name":"hunkFits","line":48,"loc":{"start":{"line":48,"column":2},"end":{"line":48,"column":33}}},"5":{"name":"applyPatches","line":151,"loc":{"start":{"line":151,"column":0},"end":{"line":151,"column":40}}},"6":{"name":"processIndex","line":157,"loc":{"start":{"line":157,"column":2},"end":{"line":157,"column":26}}},"7":{"name":"(anonymous_7)","line":163,"loc":{"start":{"line":163,"column":28},"end":{"line":163,"column":49}}},"8":{"name":"(anonymous_8)","line":169,"loc":{"start":{"line":169,"column":45},"end":{"line":169,"column":60}}}},"statementMap":{"1":{"start":{"line":3,"column":0},"end":{"line":3,"column":26},"skip":true},"2":{"start":{"line":4,"column":0},"end":{"line":4,"column":56}},"3":{"start":{"line":5,"column":25},"end":{"line":5,"column":85}},"4":{"start":{"line":7,"column":0},"end":{"line":7,"column":81}},"5":{"start":{"line":9,"column":0},"end":{"line":9,"column":110}},"6":{"start":{"line":11,"column":25},"end":{"line":11,"column":92}},"7":{"start":{"line":13,"column":0},"end":{"line":13,"column":97},"skip":true},"8":{"start":{"line":13,"column":39},"end":{"line":13,"column":95},"skip":true},"9":{"start":{"line":15,"column":23},"end":{"line":148,"column":1}},"10":{"start":{"line":16,"column":27},"end":{"line":16,"column":135}},"11":{"start":{"line":18,"column":2},"end":{"line":20,"column":3}},"12":{"start":{"line":19,"column":4},"end":{"line":19,"column":95}},"13":{"start":{"line":22,"column":2},"end":{"line":28,"column":3}},"14":{"start":{"line":23,"column":4},"end":{"line":25,"column":5}},"15":{"start":{"line":24,"column":6},"end":{"line":24,"column":68}},"16":{"start":{"line":27,"column":4},"end":{"line":27,"column":25}},"17":{"start":{"line":31,"column":2},"end":{"line":43,"column":73}},"18":{"start":{"line":35,"column":4},"end":{"line":36,"column":6}},"19":{"start":{"line":48,"column":2},"end":{"line":68,"column":3}},"20":{"start":{"line":49,"column":4},"end":{"line":65,"column":5}},"21":{"start":{"line":50,"column":6},"end":{"line":52,"column":60}},"22":{"start":{"line":54,"column":6},"end":{"line":64,"column":7}},"23":{"start":{"line":56,"column":8},"end":{"line":62,"column":9}},"24":{"start":{"line":57,"column":10},"end":{"line":57,"column":23}},"25":{"start":{"line":59,"column":10},"end":{"line":61,"column":11}},"26":{"start":{"line":60,"column":12},"end":{"line":60,"column":25}},"27":{"start":{"line":63,"column":8},"end":{"line":63,"column":16}},"28":{"start":{"line":67,"column":4},"end":{"line":67,"column":16}},"29":{"start":{"line":71,"column":2},"end":{"line":93,"column":3}},"30":{"start":{"line":72,"column":4},"end":{"line":75,"column":43}},"31":{"start":{"line":77,"column":4},"end":{"line":77,"column":128}},"32":{"start":{"line":79,"column":4},"end":{"line":84,"column":5}},"33":{"start":{"line":80,"column":6},"end":{"line":83,"column":7}},"34":{"start":{"line":81,"column":8},"end":{"line":81,"column":44}},"35":{"start":{"line":82,"column":8},"end":{"line":82,"column":14}},"36":{"start":{"line":86,"column":4},"end":{"line":88,"column":5}},"37":{"start":{"line":87,"column":6},"end":{"line":87,"column":19}},"38":{"start":{"line":92,"column":4},"end":{"line":92,"column":58}},"39":{"start":{"line":96,"column":2},"end":{"line":96,"column":21}},"40":{"start":{"line":97,"column":2},"end":{"line":132,"column":3}},"41":{"start":{"line":98,"column":4},"end":{"line":99,"column":64}},"42":{"start":{"line":100,"column":4},"end":{"line":100,"column":50}},"43":{"start":{"line":102,"column":4},"end":{"line":105,"column":5}},"44":{"start":{"line":104,"column":6},"end":{"line":104,"column":17}},"45":{"start":{"line":107,"column":4},"end":{"line":131,"column":5}},"46":{"start":{"line":108,"column":6},"end":{"line":111,"column":46}},"47":{"start":{"line":113,"column":6},"end":{"line":130,"column":7}},"48":{"start":{"line":114,"column":8},"end":{"line":114,"column":17}},"49":{"start":{"line":115,"column":13},"end":{"line":130,"column":7}},"50":{"start":{"line":116,"column":8},"end":{"line":116,"column":32}},"51":{"start":{"line":117,"column":8},"end":{"line":117,"column":37}},"52":{"start":{"line":119,"column":13},"end":{"line":130,"column":7}},"53":{"start":{"line":120,"column":8},"end":{"line":120,"column":41}},"54":{"start":{"line":121,"column":8},"end":{"line":121,"column":48}},"55":{"start":{"line":122,"column":8},"end":{"line":122,"column":17}},"56":{"start":{"line":123,"column":13},"end":{"line":130,"column":7},"skip":true},"57":{"start":{"line":124,"column":8},"end":{"line":124,"column":82},"skip":true},"58":{"start":{"line":125,"column":8},"end":{"line":129,"column":9},"skip":true},"59":{"start":{"line":126,"column":10},"end":{"line":126,"column":29},"skip":true},"60":{"start":{"line":127,"column":15},"end":{"line":129,"column":9},"skip":true},"61":{"start":{"line":128,"column":10},"end":{"line":128,"column":26},"skip":true},"62":{"start":{"line":135,"column":2},"end":{"line":143,"column":3}},"63":{"start":{"line":136,"column":4},"end":{"line":139,"column":5}},"64":{"start":{"line":137,"column":6},"end":{"line":137,"column":18}},"65":{"start":{"line":138,"column":6},"end":{"line":138,"column":23}},"66":{"start":{"line":140,"column":9},"end":{"line":143,"column":3}},"67":{"start":{"line":141,"column":4},"end":{"line":141,"column":19}},"68":{"start":{"line":142,"column":4},"end":{"line":142,"column":26}},"69":{"start":{"line":144,"column":2},"end":{"line":146,"column":3}},"70":{"start":{"line":145,"column":4},"end":{"line":145,"column":43}},"71":{"start":{"line":147,"column":2},"end":{"line":147,"column":24}},"72":{"start":{"line":151,"column":0},"end":{"line":179,"column":1}},"73":{"start":{"line":152,"column":2},"end":{"line":154,"column":3}},"74":{"start":{"line":153,"column":4},"end":{"line":153,"column":95}},"75":{"start":{"line":156,"column":2},"end":{"line":156,"column":23}},"76":{"start":{"line":157,"column":2},"end":{"line":177,"column":3}},"77":{"start":{"line":158,"column":4},"end":{"line":158,"column":40}},"78":{"start":{"line":159,"column":4},"end":{"line":161,"column":5}},"79":{"start":{"line":160,"column":6},"end":{"line":160,"column":32}},"80":{"start":{"line":163,"column":4},"end":{"line":176,"column":7}},"81":{"start":{"line":164,"column":6},"end":{"line":166,"column":7}},"82":{"start":{"line":165,"column":8},"end":{"line":165,"column":37}},"83":{"start":{"line":168,"column":6},"end":{"line":168,"column":60}},"84":{"start":{"line":169,"column":6},"end":{"line":175,"column":9}},"85":{"start":{"line":170,"column":8},"end":{"line":172,"column":9}},"86":{"start":{"line":171,"column":10},"end":{"line":171,"column":39}},"87":{"start":{"line":174,"column":8},"end":{"line":174,"column":23}},"88":{"start":{"line":178,"column":2},"end":{"line":178,"column":17}}},"branchMap":{"1":{"line":13,"type":"cond-expr","locations":[{"start":{"line":13,"column":70},"end":{"line":13,"column":73},"skip":true},{"start":{"line":13,"column":76},"end":{"line":13,"column":94},"skip":true}]},"2":{"line":13,"type":"binary-expr","locations":[{"start":{"line":13,"column":46},"end":{"line":13,"column":49},"skip":true},{"start":{"line":13,"column":53},"end":{"line":13,"column":67},"skip":true}]},"3":{"line":16,"type":"cond-expr","locations":[{"start":{"line":16,"column":117},"end":{"line":16,"column":129}},{"start":{"line":16,"column":132},"end":{"line":16,"column":134}}]},"4":{"line":16,"type":"binary-expr","locations":[{"start":{"line":16,"column":64},"end":{"line":16,"column":84}},{"start":{"line":16,"column":88},"end":{"line":16,"column":114}}]},"5":{"line":18,"type":"if","locations":[{"start":{"line":18,"column":2},"end":{"line":18,"column":2}},{"start":{"line":18,"column":2},"end":{"line":18,"column":2}}]},"6":{"line":22,"type":"if","locations":[{"start":{"line":22,"column":2},"end":{"line":22,"column":2}},{"start":{"line":22,"column":2},"end":{"line":22,"column":2}}]},"7":{"line":23,"type":"if","locations":[{"start":{"line":23,"column":4},"end":{"line":23,"column":4}},{"start":{"line":23,"column":4},"end":{"line":23,"column":4}}]},"8":{"line":32,"type":"binary-expr","locations":[{"start":{"line":32,"column":19},"end":{"line":32,"column":55}},{"start":{"line":32,"column":59},"end":{"line":32,"column":61}}]},"9":{"line":34,"type":"binary-expr","locations":[{"start":{"line":34,"column":20},"end":{"line":34,"column":39}},{"start":{"line":34,"column":43},"end":{"line":37,"column":3}}]},"10":{"line":39,"type":"binary-expr","locations":[{"start":{"line":39,"column":19},"end":{"line":39,"column":37}},{"start":{"line":39,"column":41},"end":{"line":39,"column":42}}]},"11":{"line":51,"type":"cond-expr","locations":[{"start":{"line":51,"column":40},"end":{"line":51,"column":47}},{"start":{"line":51,"column":50},"end":{"line":51,"column":53}}]},"12":{"line":52,"type":"cond-expr","locations":[{"start":{"line":52,"column":38},"end":{"line":52,"column":52}},{"start":{"line":52,"column":55},"end":{"line":52,"column":59}}]},"13":{"line":54,"type":"if","locations":[{"start":{"line":54,"column":6},"end":{"line":54,"column":6}},{"start":{"line":54,"column":6},"end":{"line":54,"column":6}}]},"14":{"line":54,"type":"binary-expr","locations":[{"start":{"line":54,"column":10},"end":{"line":54,"column":27}},{"start":{"line":54,"column":31},"end":{"line":54,"column":48}}]},"15":{"line":56,"type":"if","locations":[{"start":{"line":56,"column":8},"end":{"line":56,"column":8}},{"start":{"line":56,"column":8},"end":{"line":56,"column":8}}]},"16":{"line":59,"type":"if","locations":[{"start":{"line":59,"column":10},"end":{"line":59,"column":10}},{"start":{"line":59,"column":10},"end":{"line":59,"column":10}}]},"17":{"line":80,"type":"if","locations":[{"start":{"line":80,"column":6},"end":{"line":80,"column":6}},{"start":{"line":80,"column":6},"end":{"line":80,"column":6}}]},"18":{"line":86,"type":"if","locations":[{"start":{"line":86,"column":4},"end":{"line":86,"column":4}},{"start":{"line":86,"column":4},"end":{"line":86,"column":4}}]},"19":{"line":102,"type":"if","locations":[{"start":{"line":102,"column":4},"end":{"line":102,"column":4}},{"start":{"line":102,"column":4},"end":{"line":102,"column":4}}]},"20":{"line":109,"type":"cond-expr","locations":[{"start":{"line":109,"column":40},"end":{"line":109,"column":47}},{"start":{"line":109,"column":50},"end":{"line":109,"column":53}}]},"21":{"line":110,"type":"cond-expr","locations":[{"start":{"line":110,"column":38},"end":{"line":110,"column":52}},{"start":{"line":110,"column":55},"end":{"line":110,"column":59}}]},"22":{"line":113,"type":"if","locations":[{"start":{"line":113,"column":6},"end":{"line":113,"column":6}},{"start":{"line":113,"column":6},"end":{"line":113,"column":6}}]},"23":{"line":115,"type":"if","locations":[{"start":{"line":115,"column":13},"end":{"line":115,"column":13}},{"start":{"line":115,"column":13},"end":{"line":115,"column":13}}]},"24":{"line":119,"type":"if","locations":[{"start":{"line":119,"column":13},"end":{"line":119,"column":13}},{"start":{"line":119,"column":13},"end":{"line":119,"column":13},"skip":true}]},"25":{"line":123,"type":"if","locations":[{"start":{"line":123,"column":13},"end":{"line":123,"column":13},"skip":true},{"start":{"line":123,"column":13},"end":{"line":123,"column":13},"skip":true}]},"26":{"line":124,"type":"cond-expr","locations":[{"start":{"line":124,"column":53},"end":{"line":124,"column":74},"skip":true},{"start":{"line":124,"column":77},"end":{"line":124,"column":81},"skip":true}]},"27":{"line":125,"type":"if","locations":[{"start":{"line":125,"column":8},"end":{"line":125,"column":8},"skip":true},{"start":{"line":125,"column":8},"end":{"line":125,"column":8},"skip":true}]},"28":{"line":127,"type":"if","locations":[{"start":{"line":127,"column":15},"end":{"line":127,"column":15},"skip":true},{"start":{"line":127,"column":15},"end":{"line":127,"column":15},"skip":true}]},"29":{"line":135,"type":"if","locations":[{"start":{"line":135,"column":2},"end":{"line":135,"column":2}},{"start":{"line":135,"column":2},"end":{"line":135,"column":2}}]},"30":{"line":140,"type":"if","locations":[{"start":{"line":140,"column":9},"end":{"line":140,"column":9}},{"start":{"line":140,"column":9},"end":{"line":140,"column":9}}]},"31":{"line":152,"type":"if","locations":[{"start":{"line":152,"column":2},"end":{"line":152,"column":2}},{"start":{"line":152,"column":2},"end":{"line":152,"column":2}}]},"32":{"line":159,"type":"if","locations":[{"start":{"line":159,"column":4},"end":{"line":159,"column":4}},{"start":{"line":159,"column":4},"end":{"line":159,"column":4}}]},"33":{"line":164,"type":"if","locations":[{"start":{"line":164,"column":6},"end":{"line":164,"column":6}},{"start":{"line":164,"column":6},"end":{"line":164,"column":6}}]},"34":{"line":170,"type":"if","locations":[{"start":{"line":170,"column":8},"end":{"line":170,"column":8}},{"start":{"line":170,"column":8},"end":{"line":170,"column":8}}]}}},"/home/mquinn/Downloads/jsdiff-3.5.0/lib/patch/parse.js":{"path":"/home/mquinn/Downloads/jsdiff-3.5.0/lib/patch/parse.js","s":{"1":1,"2":1,"3":1,"4":167,"5":167,"6":1,"7":175,"8":175,"9":175,"10":309,"11":309,"12":174,"13":135,"14":135,"15":65,"16":135,"17":175,"18":175,"19":175,"20":175,"21":331,"22":331,"23":8,"24":323,"25":168,"26":155,"27":1,"28":154,"29":1,"30":350,"31":350,"32":161,"33":161,"34":161,"35":161,"36":2,"37":161,"38":161,"39":161,"40":1,"41":168,"42":168,"43":168,"44":168,"45":877,"46":1,"47":876,"48":876,"49":722,"50":722,"51":722,"52":171,"53":551,"54":155,"55":396,"56":385,"57":385,"58":154,"59":168,"60":3,"61":168,"62":4,"63":168,"64":3,"65":1,"66":2,"67":1,"68":166,"69":167,"70":175,"71":164},"b":{"1":[4,163],"2":[167,4],"3":[167,3],"4":[174,135],"5":[65,70],"6":[8,323],"7":[168,155],"8":[1,154],"9":[155,3],"10":[161,189],"11":[80,81],"12":[2,159],"13":[161,9],"14":[168,31],"15":[168,4],"16":[1,876],"17":[877,1,1,1],"18":[1,875],"19":[876,144],"20":[722,154],"21":[876,705,550,165],"22":[722,10],"23":[171,551],"24":[155,396],"25":[385,11],"26":[3,165],"27":[168,7],"28":[4,164],"29":[168,8],"30":[3,165],"31":[1,2],"32":[1,1]},"f":{"1":167,"2":175,"3":350,"4":168},"fnMap":{"1":{"name":"parsePatch","line":5,"loc":{"start":{"line":5,"column":0},"end":{"line":5,"column":29}}},"2":{"name":"parseIndex","line":13,"loc":{"start":{"line":13,"column":2},"end":{"line":13,"column":24}}},"3":{"name":"parseFileHeader","line":61,"loc":{"start":{"line":61,"column":2},"end":{"line":61,"column":34}}},"4":{"name":"parseHunk","line":79,"loc":{"start":{"line":79,"column":2},"end":{"line":79,"column":23}}}},"statementMap":{"1":{"start":{"line":3,"column":0},"end":{"line":3,"column":26},"skip":true},"2":{"start":{"line":4,"column":0},"end":{"line":4,"column":56}},"3":{"start":{"line":5,"column":0},"end":{"line":146,"column":1}},"4":{"start":{"line":6,"column":27},"end":{"line":6,"column":135}},"5":{"start":{"line":8,"column":2},"end":{"line":11,"column":12}},"6":{"start":{"line":13,"column":2},"end":{"line":57,"column":3}},"7":{"start":{"line":14,"column":4},"end":{"line":14,"column":19}},"8":{"start":{"line":15,"column":4},"end":{"line":15,"column":21}},"9":{"start":{"line":18,"column":4},"end":{"line":33,"column":5}},"10":{"start":{"line":19,"column":6},"end":{"line":19,"column":28}},"11":{"start":{"line":22,"column":6},"end":{"line":24,"column":7}},"12":{"start":{"line":23,"column":8},"end":{"line":23,"column":14}},"13":{"start":{"line":27,"column":6},"end":{"line":27,"column":73}},"14":{"start":{"line":28,"column":6},"end":{"line":30,"column":7}},"15":{"start":{"line":29,"column":8},"end":{"line":29,"column":32}},"16":{"start":{"line":32,"column":6},"end":{"line":32,"column":10}},"17":{"start":{"line":37,"column":4},"end":{"line":37,"column":27}},"18":{"start":{"line":38,"column":4},"end":{"line":38,"column":27}},"19":{"start":{"line":41,"column":4},"end":{"line":41,"column":21}},"20":{"start":{"line":43,"column":4},"end":{"line":56,"column":5}},"21":{"start":{"line":44,"column":6},"end":{"line":44,"column":29}},"22":{"start":{"line":46,"column":6},"end":{"line":55,"column":7}},"23":{"start":{"line":47,"column":8},"end":{"line":47,"column":14}},"24":{"start":{"line":48,"column":13},"end":{"line":55,"column":7}},"25":{"start":{"line":49,"column":8},"end":{"line":49,"column":38}},"26":{"start":{"line":50,"column":13},"end":{"line":55,"column":7}},"27":{"start":{"line":52,"column":8},"end":{"line":52,"column":81}},"28":{"start":{"line":54,"column":8},"end":{"line":54,"column":12}},"29":{"start":{"line":61,"column":2},"end":{"line":75,"column":3}},"30":{"start":{"line":62,"column":4},"end":{"line":62,"column":62}},"31":{"start":{"line":63,"column":4},"end":{"line":74,"column":5}},"32":{"start":{"line":64,"column":6},"end":{"line":64,"column":62}},"33":{"start":{"line":65,"column":6},"end":{"line":65,"column":46}},"34":{"start":{"line":66,"column":6},"end":{"line":66,"column":52}},"35":{"start":{"line":67,"column":6},"end":{"line":69,"column":7}},"36":{"start":{"line":68,"column":8},"end":{"line":68,"column":59}},"37":{"start":{"line":70,"column":6},"end":{"line":70,"column":47}},"38":{"start":{"line":71,"column":6},"end":{"line":71,"column":59}},"39":{"start":{"line":73,"column":6},"end":{"line":73,"column":10}},"40":{"start":{"line":79,"column":2},"end":{"line":139,"column":3}},"41":{"start":{"line":80,"column":4},"end":{"line":82,"column":90}},"42":{"start":{"line":84,"column":4},"end":{"line":91,"column":6}},"43":{"start":{"line":93,"column":4},"end":{"line":94,"column":24}},"44":{"start":{"line":95,"column":4},"end":{"line":118,"column":5}},"45":{"start":{"line":98,"column":6},"end":{"line":100,"column":7}},"46":{"start":{"line":99,"column":8},"end":{"line":99,"column":14}},"47":{"start":{"line":101,"column":6},"end":{"line":101,"column":94}},"48":{"start":{"line":103,"column":6},"end":{"line":117,"column":7}},"49":{"start":{"line":104,"column":8},"end":{"line":104,"column":36}},"50":{"start":{"line":105,"column":8},"end":{"line":105,"column":56}},"51":{"start":{"line":107,"column":8},"end":{"line":114,"column":9}},"52":{"start":{"line":108,"column":10},"end":{"line":108,"column":21}},"53":{"start":{"line":109,"column":15},"end":{"line":114,"column":9}},"54":{"start":{"line":110,"column":10},"end":{"line":110,"column":24}},"55":{"start":{"line":111,"column":15},"end":{"line":114,"column":9}},"56":{"start":{"line":112,"column":10},"end":{"line":112,"column":21}},"57":{"start":{"line":113,"column":10},"end":{"line":113,"column":24}},"58":{"start":{"line":116,"column":8},"end":{"line":116,"column":14}},"59":{"start":{"line":121,"column":4},"end":{"line":123,"column":5}},"60":{"start":{"line":122,"column":6},"end":{"line":122,"column":24}},"61":{"start":{"line":124,"column":4},"end":{"line":126,"column":5}},"62":{"start":{"line":125,"column":6},"end":{"line":125,"column":24}},"63":{"start":{"line":129,"column":4},"end":{"line":136,"column":5}},"64":{"start":{"line":130,"column":6},"end":{"line":132,"column":7}},"65":{"start":{"line":131,"column":8},"end":{"line":131,"column":101}},"66":{"start":{"line":133,"column":6},"end":{"line":135,"column":7}},"67":{"start":{"line":134,"column":8},"end":{"line":134,"column":103}},"68":{"start":{"line":138,"column":4},"end":{"line":138,"column":16}},"69":{"start":{"line":141,"column":2},"end":{"line":143,"column":3}},"70":{"start":{"line":142,"column":4},"end":{"line":142,"column":17}},"71":{"start":{"line":145,"column":2},"end":{"line":145,"column":14}}},"branchMap":{"1":{"line":6,"type":"cond-expr","locations":[{"start":{"line":6,"column":117},"end":{"line":6,"column":129}},{"start":{"line":6,"column":132},"end":{"line":6,"column":134}}]},"2":{"line":6,"type":"binary-expr","locations":[{"start":{"line":6,"column":64},"end":{"line":6,"column":84}},{"start":{"line":6,"column":88},"end":{"line":6,"column":114}}]},"3":{"line":9,"type":"binary-expr","locations":[{"start":{"line":9,"column":19},"end":{"line":9,"column":56}},{"start":{"line":9,"column":60},"end":{"line":9,"column":62}}]},"4":{"line":22,"type":"if","locations":[{"start":{"line":22,"column":6},"end":{"line":22,"column":6}},{"start":{"line":22,"column":6},"end":{"line":22,"column":6}}]},"5":{"line":28,"type":"if","locations":[{"start":{"line":28,"column":6},"end":{"line":28,"column":6}},{"start":{"line":28,"column":6},"end":{"line":28,"column":6}}]},"6":{"line":46,"type":"if","locations":[{"start":{"line":46,"column":6},"end":{"line":46,"column":6}},{"start":{"line":46,"column":6},"end":{"line":46,"column":6}}]},"7":{"line":48,"type":"if","locations":[{"start":{"line":48,"column":13},"end":{"line":48,"column":13}},{"start":{"line":48,"column":13},"end":{"line":48,"column":13}}]},"8":{"line":50,"type":"if","locations":[{"start":{"line":50,"column":13},"end":{"line":50,"column":13}},{"start":{"line":50,"column":13},"end":{"line":50,"column":13}}]},"9":{"line":50,"type":"binary-expr","locations":[{"start":{"line":50,"column":17},"end":{"line":50,"column":22}},{"start":{"line":50,"column":26},"end":{"line":50,"column":40}}]},"10":{"line":63,"type":"if","locations":[{"start":{"line":63,"column":4},"end":{"line":63,"column":4}},{"start":{"line":63,"column":4},"end":{"line":63,"column":4}}]},"11":{"line":64,"type":"cond-expr","locations":[{"start":{"line":64,"column":48},"end":{"line":64,"column":53}},{"start":{"line":64,"column":56},"end":{"line":64,"column":61}}]},"12":{"line":67,"type":"if","locations":[{"start":{"line":67,"column":6},"end":{"line":67,"column":6}},{"start":{"line":67,"column":6},"end":{"line":67,"column":6}}]},"13":{"line":71,"type":"binary-expr","locations":[{"start":{"line":71,"column":37},"end":{"line":71,"column":44}},{"start":{"line":71,"column":48},"end":{"line":71,"column":50}}]},"14":{"line":86,"type":"binary-expr","locations":[{"start":{"line":86,"column":16},"end":{"line":86,"column":31}},{"start":{"line":86,"column":35},"end":{"line":86,"column":36}}]},"15":{"line":88,"type":"binary-expr","locations":[{"start":{"line":88,"column":16},"end":{"line":88,"column":31}},{"start":{"line":88,"column":35},"end":{"line":88,"column":36}}]},"16":{"line":98,"type":"if","locations":[{"start":{"line":98,"column":6},"end":{"line":98,"column":6}},{"start":{"line":98,"column":6},"end":{"line":98,"column":6}}]},"17":{"line":98,"type":"binary-expr","locations":[{"start":{"line":98,"column":10},"end":{"line":98,"column":42}},{"start":{"line":98,"column":46},"end":{"line":98,"column":68}},{"start":{"line":98,"column":72},"end":{"line":98,"column":108}},{"start":{"line":98,"column":112},"end":{"line":98,"column":146}}]},"18":{"line":101,"type":"cond-expr","locations":[{"start":{"line":101,"column":74},"end":{"line":101,"column":77}},{"start":{"line":101,"column":80},"end":{"line":101,"column":93}}]},"19":{"line":101,"type":"binary-expr","locations":[{"start":{"line":101,"column":22},"end":{"line":101,"column":44}},{"start":{"line":101,"column":48},"end":{"line":101,"column":71}}]},"20":{"line":103,"type":"if","locations":[{"start":{"line":103,"column":6},"end":{"line":103,"column":6}},{"start":{"line":103,"column":6},"end":{"line":103,"column":6}}]},"21":{"line":103,"type":"binary-expr","locations":[{"start":{"line":103,"column":10},"end":{"line":103,"column":27}},{"start":{"line":103,"column":31},"end":{"line":103,"column":48}},{"start":{"line":103,"column":52},"end":{"line":103,"column":69}},{"start":{"line":103,"column":73},"end":{"line":103,"column":91}}]},"22":{"line":105,"type":"binary-expr","locations":[{"start":{"line":105,"column":33},"end":{"line":105,"column":46}},{"start":{"line":105,"column":50},"end":{"line":105,"column":54}}]},"23":{"line":107,"type":"if","locations":[{"start":{"line":107,"column":8},"end":{"line":107,"column":8}},{"start":{"line":107,"column":8},"end":{"line":107,"column":8}}]},"24":{"line":109,"type":"if","locations":[{"start":{"line":109,"column":15},"end":{"line":109,"column":15}},{"start":{"line":109,"column":15},"end":{"line":109,"column":15}}]},"25":{"line":111,"type":"if","locations":[{"start":{"line":111,"column":15},"end":{"line":111,"column":15}},{"start":{"line":111,"column":15},"end":{"line":111,"column":15}}]},"26":{"line":121,"type":"if","locations":[{"start":{"line":121,"column":4},"end":{"line":121,"column":4}},{"start":{"line":121,"column":4},"end":{"line":121,"column":4}}]},"27":{"line":121,"type":"binary-expr","locations":[{"start":{"line":121,"column":8},"end":{"line":121,"column":17}},{"start":{"line":121,"column":21
[...]
ne":182,"column":38}},{"start":{"line":182,"column":42},"end":{"line":182,"column":64}}]},"38":{"line":185,"type":"if","locations":[{"start":{"line":185,"column":11},"end":{"line":185,"column":11}},{"start":{"line":185,"column":11},"end":{"line":185,"column":11}}]},"39":{"line":207,"type":"if","locations":[{"start":{"line":207,"column":2},"end":{"line":207,"column":2}},{"start":{"line":207,"column":2},"end":{"line":207,"column":2}}]},"40":{"line":207,"type":"binary-expr","locations":[{"start":{"line":207,"column":6},"end":{"line":207,"column":27}},{"start":{"line":207,"column":31},"end":{"line":207,"column":55}}]},"41":{"line":209,"type":"if","locations":[{"start":{"line":209,"column":4},"end":{"line":209,"column":4}},{"start":{"line":209,"column":4},"end":{"line":209,"column":4}}]},"42":{"line":209,"type":"binary-expr","locations":[{"start":{"line":209,"column":34},"end":{"line":209,"column":110}},{"start":{"line":209,"column":114},"end":{"line":209,"column":190}}]},"43":{"line":214,"type":"if","locations":[{"start":{"line":214,"column":11},"end":{"line":214,"column":11}},{"start":{"line":214,"column":11},"end":{"line":214,"column":11}}]},"44":{"line":214,"type":"binary-expr","locations":[{"start":{"line":214,"column":41},"end":{"line":214,"column":117}},{"start":{"line":214,"column":121},"end":{"line":214,"column":199}}]},"45":{"line":220,"type":"if","locations":[{"start":{"line":220,"column":9},"end":{"line":220,"column":9}},{"start":{"line":220,"column":9},"end":{"line":220,"column":9}}]},"46":{"line":233,"type":"if","locations":[{"start":{"line":233,"column":2},"end":{"line":233,"column":2}},{"start":{"line":233,"column":2},"end":{"line":233,"column":2}}]},"47":{"line":238,"type":"cond-expr","locations":[{"start":{"line":238,"column":26},"end":{"line":238,"column":38}},{"start":{"line":238,"column":41},"end":{"line":238,"column":50}}]},"48":{"line":238,"type":"cond-expr","locations":[{"start":{"line":238,"column":59},"end":{"line":238,"column":68}},{"start":{"line":238,"column":71},"end":{"line":238,"column":83}}]},"49":{"line":252,"type":"binary-expr","locations":[{"start":{"line":252,"column":9},"end":{"line":252,"column":37}},{"start":{"line":252,"column":41},"end":{"line":252,"column":75}}]},"50":{"line":272,"type":"if","locations":[{"start":{"line":272,"column":4},"end":{"line":272,"column":4}},{"start":{"line":272,"column":4},"end":{"line":272,"column":4}}]},"51":{"line":272,"type":"binary-expr","locations":[{"start":{"line":272,"column":8},"end":{"line":272,"column":25}},{"start":{"line":272,"column":29},"end":{"line":272,"column":44}}]},"52":{"line":276,"type":"if","locations":[{"start":{"line":276,"column":4},"end":{"line":276,"column":4}},{"start":{"line":276,"column":4},"end":{"line":276,"column":4}}]},"53":{"line":292,"type":"binary-expr","locations":[{"start":{"line":292,"column":9},"end":{"line":292,"column":41}},{"start":{"line":292,"column":45},"end":{"line":292,"column":77}}]},"54":{"line":297,"type":"if","locations":[{"start":{"line":297,"column":4},"end":{"line":297,"column":4}},{"start":{"line":297,"column":4},"end":{"line":297,"column":4}}]},"55":{"line":301,"type":"binary-expr","locations":[{"start":{"line":301,"column":21},"end":{"line":301,"column":35}},{"start":{"line":301,"column":39},"end":{"line":301,"column":56}}]},"56":{"line":308,"type":"if","locations":[{"start":{"line":308,"column":4},"end":{"line":308,"column":4}},{"start":{"line":308,"column":4},"end":{"line":308,"column":4}}]},"57":{"line":317,"type":"if","locations":[{"start":{"line":317,"column":4},"end":{"line":317,"column":4}},{"start":{"line":317,"column":4},"end":{"line":317,"column":4}}]},"58":{"line":325,"type":"if","locations":[{"start":{"line":325,"column":2},"end":{"line":325,"column":2}},{"start":{"line":325,"column":2},"end":{"line":325,"column":2}}]},"59":{"line":325,"type":"binary-expr","locations":[{"start":{"line":325,"column":6},"end":{"line":325,"column":49}},{"start":{"line":325,"column":53},"end":{"line":325,"column":67}}]},"60":{"line":325,"type":"binary-expr","locations":[{"start":{"line":325,"column":7},"end":{"line":325,"column":31}},{"start":{"line":325,"column":35},"end":{"line":325,"column":37}}]},"61":{"line":329,"type":"if","locations":[{"start":{"line":329,"column":2},"end":{"line":329,"column":2}},{"start":{"line":329,"column":2},"end":{"line":329,"column":2}}]},"62":{"line":345,"type":"binary-expr","locations":[{"start":{"line":345,"column":11},"end":{"line":345,"column":15}},{"start":{"line":345,"column":19},"end":{"line":345,"column":36}}]},"63":{"line":351,"type":"if","locations":[{"start":{"line":351,"column":4},"end":{"line":351,"column":4}},{"start":{"line":351,"column":4},"end":{"line":351,"column":4}}]},"64":{"line":365,"type":"if","locations":[{"start":{"line":365,"column":4},"end":{"line":365,"column":4}},{"start":{"line":365,"column":4},"end":{"line":365,"column":4}}]},"65":{"line":369,"type":"if","locations":[{"start":{"line":369,"column":6},"end":{"line":369,"column":6}},{"start":{"line":369,"column":6},"end":{"line":369,"column":6}}]},"66":{"line":370,"type":"if","locations":[{"start":{"line":370,"column":8},"end":{"line":370,"column":8}},{"start":{"line":370,"column":8},"end":{"line":370,"column":8}}]},"67":{"line":377,"type":"if","locations":[{"start":{"line":377,"column":6},"end":{"line":377,"column":6}},{"start":{"line":377,"column":6},"end":{"line":377,"column":6}}]},"68":{"line":378,"type":"if","locations":[{"start":{"line":378,"column":8},"end":{"line":378,"column":8}},{"start":{"line":378,"column":8},"end":{"line":378,"column":8}}]},"69":{"line":385,"type":"if","locations":[{"start":{"line":385,"column":6},"end":{"line":385,"column":6}},{"start":{"line":385,"column":6},"end":{"line":385,"column":6}}]},"70":{"line":385,"type":"binary-expr","locations":[{"start":{"line":385,"column":10},"end":{"line":385,"column":32}},{"start":{"line":385,"column":37},"end":{"line":385,"column":52}},{"start":{"line":385,"column":56},"end":{"line":385,"column":71}}]},"71":{"line":388,"type":"if","locations":[{"start":{"line":388,"column":6},"end":{"line":388,"column":6}},{"start":{"line":388,"column":6},"end":{"line":388,"column":6}}]},"72":{"line":388,"type":"binary-expr","locations":[{"start":{"line":388,"column":10},"end":{"line":388,"column":32}},{"start":{"line":388,"column":37},"end":{"line":388,"column":52}},{"start":{"line":388,"column":56},"end":{"line":388,"column":71}}]}}},"/home/mquinn/Downloads/jsdiff-3.5.0/lib/patch/create.js":{"path":"/home/mquinn/Downloads/jsdiff-3.5.0/lib/patch/create.js","s":{"1":1,"2":1,"3":1,"4":1,"5":1,"6":1,"7":72,"8":72,"9":95,"10":72,"11":0,"12":1,"13":21,"14":19,"15":21,"16":19,"17":21,"18":21,"19":1,"20":44,"21":81,"22":21,"23":21,"24":21,"25":98,"26":98,"27":98,"28":43,"29":43,"30":26,"31":26,"32":26,"33":26,"34":19,"35":19,"36":19,"37":43,"38":51,"39":43,"40":23,"41":20,"42":55,"43":29,"44":3,"45":3,"46":26,"47":26,"48":26,"49":26,"50":26,"51":15,"52":15,"53":15,"54":3,"55":12,"56":5,"57":26,"58":26,"59":26,"60":26,"61":55,"62":55,"63":21,"64":98,"65":21,"66":1,"67":18,"68":18,"69":18,"70":17,"71":18,"72":18,"73":18,"74":18,"75":23,"76":23,"77":23,"78":18,"79":1,"80":17},"b":{"1":[72,0],"2":[19,2],"3":[19,2],"4":[98,77],"5":[43,55],"6":[98,75],"7":[26,17],"8":[19,7],"9":[15,4],"10":[31,20],"11":[23,20],"12":[29,26],"13":[3,26],"14":[29,19],"15":[15,11],"16":[26,17],"17":[3,12],"18":[15,9],"19":[5,7],"20":[12,9],"21":[17,1],"22":[6,12],"23":[6,12]},"f":{"1":72,"2":21,"3":44,"4":81,"5":98,"6":51,"7":18,"8":17},"fnMap":{"1":{"name":"_toConsumableArray","line":10,"loc":{"start":{"line":10,"column":25},"end":{"line":10,"column":58}}},"2":{"name":"structuredPatch","line":12,"loc":{"start":{"line":12,"column":23},"end":{"line":12,"column":121}}},"3":{"name":"contextLines","line":23,"loc":{"start":{"line":23,"column":2},"end":{"line":23,"column":31}}},"4":{"name":"(anonymous_4)","line":24,"loc":{"start":{"line":24,"column":21},"end":{"line":24,"column":38}}},"5":{"name":"_loop","line":36,"loc":{"start":{"line":36,"column":39},"end":{"line":36,"column":81}}},"6":{"name":"(anonymous_6)","line":58,"loc":{"start":{"line":58,"column":277},"end":{"line":58,"column":294}}},"7":{"name":"createTwoFilesPatch","line":125,"loc":{"start":{"line":125,"column":0},"end":{"line":125,"column":102}}},"8":{"name":"createPatch","line":145,"loc":{"start":{"line":145,"column":0},"end":{"line":145,"column":78}}}},"statementMap":{"1":{"start":{"line":3,"column":0},"end":{"line":3,"column":26},"skip":true},"2":{"start":{"line":4,"column":0},"end":{"line":4,"column":66}},"3":{"start":{"line":5,"column":25},"end":{"line":5,"column":99}},"4":{"start":{"line":6,"column":25},"end":{"line":6,"column":83}},"5":{"start":{"line":8,"column":0},"end":{"line":8,"column":85}},"6":{"start":{"line":10,"column":25},"end":{"line":10,"column":220}},"7":{"start":{"line":10,"column":60},"end":{"line":10,"column":218},"skip":true},"8":{"start":{"line":10,"column":86},"end":{"line":10,"column":170},"skip":true},"9":{"start":{"line":10,"column":151},"end":{"line":10,"column":168},"skip":true},"10":{"start":{"line":10,"column":171},"end":{"line":10,"column":183},"skip":true},"11":{"start":{"line":10,"column":193},"end":{"line":10,"column":216},"skip":true},"12":{"start":{"line":12,"column":23},"end":{"line":123,"column":1}},"13":{"start":{"line":13,"column":2},"end":{"line":15,"column":3}},"14":{"start":{"line":14,"column":4},"end":{"line":14,"column":17}},"15":{"start":{"line":16,"column":2},"end":{"line":18,"column":3}},"16":{"start":{"line":17,"column":4},"end":{"line":17,"column":24}},"17":{"start":{"line":20,"column":2},"end":{"line":20,"column":108}},"18":{"start":{"line":21,"column":2},"end":{"line":21,"column":38}},"19":{"start":{"line":23,"column":2},"end":{"line":27,"column":3}},"20":{"start":{"line":24,"column":4},"end":{"line":26,"column":7}},"21":{"start":{"line":25,"column":6},"end":{"line":25,"column":25}},"22":{"start":{"line":29,"column":2},"end":{"line":29,"column":17}},"23":{"start":{"line":30,"column":2},"end":{"line":34,"column":18}},"24":{"start":{"line":36,"column":27},"end":{"line":112,"column":4}},"25":{"start":{"line":37,"column":4},"end":{"line":38,"column":78}},"26":{"start":{"line":39,"column":4},"end":{"line":39,"column":26}},"27":{"start":{"line":41,"column":4},"end":{"line":111,"column":5}},"28":{"start":{"line":42,"column":31},"end":{"line":42,"column":45}},"29":{"start":{"line":45,"column":6},"end":{"line":55,"column":7}},"30":{"start":{"line":46,"column":8},"end":{"line":46,"column":31}},"31":{"start":{"line":47,"column":8},"end":{"line":47,"column":32}},"32":{"start":{"line":48,"column":8},"end":{"line":48,"column":32}},"33":{"start":{"line":50,"column":8},"end":{"line":54,"column":9}},"34":{"start":{"line":51,"column":10},"end":{"line":51,"column":97}},"35":{"start":{"line":52,"column":10},"end":{"line":52,"column":43}},"36":{"start":{"line":53,"column":10},"end":{"line":53,"column":43}},"37":{"start":{"line":58,"column":31},"end":{"line":60,"column":11}},"38":{"start":{"line":59,"column":8},"end":{"line":59,"column":51}},"39":{"start":{"line":63,"column":6},"end":{"line":67,"column":7}},"40":{"start":{"line":64,"column":8},"end":{"line":64,"column":32}},"41":{"start":{"line":66,"column":8},"end":{"line":66,"column":32}},"42":{"start":{"line":70,"column":6},"end":{"line":108,"column":7}},"43":{"start":{"line":72,"column":8},"end":{"line":107,"column":9}},"44":{"start":{"line":73,"column":35},"end":{"line":73,"column":50}},"45":{"start":{"line":76,"column":35},"end":{"line":76,"column":295}},"46":{"start":{"line":78,"column":35},"end":{"line":78,"column":50}},"47":{"start":{"line":81,"column":10},"end":{"line":81,"column":68}},"48":{"start":{"line":82,"column":35},"end":{"line":82,"column":317}},"49":{"start":{"line":84,"column":10},"end":{"line":90,"column":12}},"50":{"start":{"line":91,"column":10},"end":{"line":101,"column":11}},"51":{"start":{"line":93,"column":12},"end":{"line":93,"column":51}},"52":{"start":{"line":94,"column":12},"end":{"line":94,"column":51}},"53":{"start":{"line":95,"column":12},"end":{"line":100,"column":13}},"54":{"start":{"line":97,"column":14},"end":{"line":97,"column":80}},"55":{"start":{"line":98,"column":19},"end":{"line":100,"column":13}},"56":{"start":{"line":99,"column":14},"end":{"line":99,"column":60}},"57":{"start":{"line":102,"column":10},"end":{"line":102,"column":27}},"58":{"start":{"line":104,"column":10},"end":{"line":104,"column":28}},"59":{"start":{"line":105,"column":10},"end":{"line":105,"column":28}},"60":{"start":{"line":106,"column":10},"end":{"line":106,"column":24}},"61":{"start":{"line":109,"column":6},"end":{"line":109,"column":30}},"62":{"start":{"line":110,"column":6},"end":{"line":110,"column":30}},"63":{"start":{"line":114,"column":2},"end":{"line":116,"column":3}},"64":{"start":{"line":115,"column":29},"end":{"line":115,"column":62}},"65":{"start":{"line":118,"column":2},"end":{"line":122,"column":4}},"66":{"start":{"line":125,"column":0},"end":{"line":143,"column":1}},"67":{"start":{"line":126,"column":2},"end":{"line":126,"column":102}},"68":{"start":{"line":128,"column":2},"end":{"line":128,"column":15}},"69":{"start":{"line":129,"column":2},"end":{"line":131,"column":3}},"70":{"start":{"line":130,"column":4},"end":{"line":130,"column":38}},"71":{"start":{"line":132,"column":2},"end":{"line":132,"column":82}},"72":{"start":{"line":133,"column":2},"end":{"line":133,"column":109}},"73":{"start":{"line":134,"column":2},"end":{"line":134,"column":109}},"74":{"start":{"line":136,"column":2},"end":{"line":140,"column":3}},"75":{"start":{"line":137,"column":4},"end":{"line":137,"column":29}},"76":{"start":{"line":138,"column":4},"end":{"line":138,"column":112}},"77":{"start":{"line":139,"column":4},"end":{"line":139,"column":36}},"78":{"start":{"line":142,"column":2},"end":{"line":142,"column":31}},"79":{"start":{"line":145,"column":0},"end":{"line":147,"column":1}},"80":{"start":{"line":146,"column":2},"end":{"line":146,"column":96}}},"branchMap":{"1":{"line":10,"type":"if","locations":[{"start":{"line":10,"column":60},"end":{"line":10,"column":60},"skip":true},{"start":{"line":10,"column":60},"end":{"line":10,"column":60},"skip":true}]},"2":{"line":13,"type":"if","locations":[{"start":{"line":13,"column":2},"end":{"line":13,"column":2}},{"start":{"line":13,"column":2},"end":{"line":13,"column":2}}]},"3":{"line":16,"type":"if","locations":[{"start":{"line":16,"column":2},"end":{"line":16,"column":2}},{"start":{"line":16,"column":2},"end":{"line":16,"column":2}}]},"4":{"line":38,"type":"binary-expr","locations":[{"start":{"line":38,"column":16},"end":{"line":38,"column":29}},{"start":{"line":38,"column":33},"end":{"line":38,"column":77}}]},"5":{"line":41,"type":"if","locations":[{"start":{"line":41,"column":4},"end":{"line":41,"column":4}},{"start":{"line":41,"column":4},"end":{"line":41,"column":4}}]},"6":{"line":41,"type":"binary-expr","locations":[{"start":{"line":41,"column":8},"end":{"line":41,"column":21}},{"start":{"line":41,"column":25},"end":{"line":41,"column":40}}]},"7":{"line":45,"type":"if","locations":[{"start":{"line":45,"column":6},"end":{"line":45,"column":6}},{"start":{"line":45,"column":6},"end":{"line":45,"column":6}}]},"8":{"line":50,"type":"if","locations":[{"start":{"line":50,"column":8},"end":{"line":50,"column":8}},{"start":{"line":50,"column":8},"end":{"line":50,"column":8}}]},"9":{"line":51,"type":"cond-expr","locations":[{"start":{"line":51,"column":43},"end":{"line":51,"column":91}},{"start":{"line":51,"column":94},"end":{"line":51,"column":96}}]},"10":{"line":59,"type":"cond-expr","locations":[{"start":{"line":59,"column":32},"end":{"line":59,"column":35}},{"start":{"line":59,"column":38},"end":{"line":59,"column":41}}]},"11":{"line":63,"type":"if","locations":[{"start":{"line":63,"column":6},"end":{"line":63,"column":6}},{"start":{"line":63,"column":6},"end":{"line":63,"column":6}}]},"12":{"line":70,"type":"if","locations":[{"start":{"line":70,"column":6},"end":{"line":70,"column":6}},{"start":{"line":70,"column":6},"end":{"line":70,"column":6}}]},"13":{"line":72,"type":"if","locations":[{"start":{"line":72,"column":8},"end":{"line":72,"column":8}},{"start":{"line":72,"column":8},"end":{"line":72,"column":8}}]},"14":{"line":72,"type":"binary-expr","locations":[{"start":{"line":72,"column":12},"end":{"line":72,"column":47}},{"start":{"line":72,"column":51},"end":{"line":72,"column":70}}]},"15":{"line":91,"type":"if","locations":[{"start":{"line":91,"column":10},"end":{"line":91,"column":10}},{"start":{"line":91,"column":10},"end":{"line":91,"column":10}}]},"16":{"line":91,"type":"binary-expr","locations":[{"start":{"line":91,"column":14},"end":{"line":91,"column":34}},{"start":{"line":91,"column":38},"end":{"line":91,"column":69}}]},"17":{"line":95,"type":"if","locations":[{"start":{"line":95,"column":12},"end":{"line":95,"column":12}},{"start":{"line":95,"column":12},"end":{"line":95,"column":12}}]},"18":{"line":95,"type":"binary-expr","locations":[{"start":{"line":95,"column":16},"end":{"line":95,"column":33}},{"start":{"line":95,"column":37},"end":{"line":95,"column":51}}]},"19":{"line":98,"type":"if","locations":[{"start":{"line":98,"column":19},"end":{"line":98,"column":19}},{"start":{"line":98,"column":19},"end":{"line":98,"column":19}}]},"20":{"line":98,"type":"binary-expr","locations":[{"start":{"line":98,"column":23},"end":{"line":98,"column":37}},{"start":{"line":98,"column":41},"end":{"line":98,"column":55}}]},"21":{"line":129,"type":"if","locations":[{"start":{"line":129,"column":2},"end":{"line":129,"column":2}},{"start":{"line":129,"column":2},"end":{"line":129,"column":2}}]},"22":{"line":133,"type":"cond-expr","locations":[{"start":{"line":133,"column":80},"end":{"line":133,"column":82}},{"start":{"line":133,"column":85},"end":{"line":133,"column":106}}]},"23":{"line":134,"type":"cond-expr","locations":[{"start":{"line":134,"column":80},"end":{"line":134,"column":82}},{"start":{"line":134,"column":85},"end":{"line":134,"column":106}}]}}},"/home/mquinn/Downloads/jsdiff-3.5.0/lib/util/array.js":{"path":"/home/mquinn/Downloads/jsdiff-3.5.0/lib/util/array.js","s":{"1":1,"2":1,"3":1,"4":1,"5":20,"6":8,"7":12,"8":1,"9":25,"10":3,"11":22,"12":40,"13":14,"14":8},"b":{"1":[8,12],"2":[3,22],"3":[14,26]},"f":{"1":20,"2":25},"fnMap":{"1":{"name":"arrayEqual","line":6,"loc":{"start":{"line":6,"column":0},"end":{"line":6,"column":26}}},"2":{"name":"arrayStartsWith","line":14,"loc":{"start":{"line":14,"column":0},"end":{"line":14,"column":39}}}},"statementMap":{"1":{"start":{"line":3,"column":0},"end":{"line":3,"column":26},"skip":true},"2":{"start":{"line":4,"column":0},"end":{"line":4,"column":56}},"3":{"start":{"line":5,"column":25},"end":{"line":5,"column":91}},"4":{"start":{"line":6,"column":0},"end":{"line":12,"column":1}},"5":{"start":{"line":7,"column":2},"end":{"line":9,"column":3}},"6":{"start":{"line":8,"column":4},"end":{"line":8,"column":17}},"7":{"start":{"line":11,"column":2},"end":{"line":11,"column":31}},"8":{"start":{"line":14,"column":0},"end":{"line":26,"column":1}},"9":{"start":{"line":15,"column":2},"end":{"line":17,"column":3}},"10":{"start":{"line":16,"column":4},"end":{"line":16,"column":17}},"11":{"start":{"line":19,"column":2},"end":{"line":23,"column":3}},"12":{"start":{"line":20,"column":4},"end":{"line":22,"column":5}},"13":{"start":{"line":21,"column":6},"end":{"line":21,"column":19}},"14":{"start":{"line":25,"column":2},"end":{"line":25,"column":14}}},"branchMap":{"1":{"line":7,"type":"if","locations":[{"start":{"line":7,"column":2},"end":{"line":7,"column":2}},{"start":{"line":7,"column":2},"end":{"line":7,"column":2}}]},"2":{"line":15,"type":"if","locations":[{"start":{"line":15,"column":2},"end":{"line":15,"column":2}},{"start":{"line":15,"column":2},"end":{"line":15,"column":2}}]},"3":{"line":20,"type":"if","locations":[{"start":{"line":20,"column":4},"end":{"line":20,"column":4}},{"start":{"line":20,"column":4},"end":{"line":20,"column":4}}]}}}}