TN:
SF:/home/mquinn/Downloads/jsdiff-3.5.0/runtime.js
FNF:0
FNH:0
DA:1,1
LF:1
LH:1
BRF:0
BRH:0
end_of_record
TN:
SF:/home/mquinn/Downloads/jsdiff-3.5.0/lib/convert/dmp.js
FN:6,convertChangesToDMP
FNF:1
FNH:1
FNDA:1,convertChangesToDMP
DA:3,1
DA:4,1
DA:6,1
DA:7,1
DA:10,1
DA:11,4
DA:12,4
DA:13,1
DA:14,3
DA:15,1
DA:17,2
DA:20,4
DA:22,1
LF:13
LH:13
BRDA:12,1,0,1
BRDA:12,1,1,3
BRDA:14,2,0,1
BRDA:14,2,1,2
BRF:4
BRH:4
end_of_record
TN:
SF:/home/mquinn/Downloads/jsdiff-3.5.0/lib/diff/word.js
FN:14,_interopRequireDefault
FN:39,(anonymous_2)
FN:46,(anonymous_3)
FN:62,diffWords
FN:67,diffWordsWithSpace
FNF:5
FNH:5
FNDA:1,_interopRequireDefault
FNDA:23545,(anonymous_2)
FNDA:86,(anonymous_3)
FNDA:37,diffWords
FNDA:5,diffWordsWithSpace
DA:3,1
DA:4,1
DA:5,1
DA:6,1
DA:8,1
DA:10,1
DA:12,1
DA:14,1
DA:34,1
DA:36,1
DA:38,1
DA:39,1
DA:40,23545
DA:41,9
DA:42,9
DA:44,23545
DA:46,1
DA:47,86
DA:50,86
DA:52,36353
DA:53,3
DA:54,3
DA:55,3
DA:59,86
DA:62,1
DA:63,37
DA:64,37
DA:67,1
DA:68,5
LF:29
LH:29
BRDA:14,1,0,1
BRDA:14,1,1,0
BRDA:14,2,0,1
BRDA:14,2,1,1
BRDA:40,3,0,9
BRDA:40,3,1,23536
BRDA:44,4,0,23545
BRDA:44,4,1,12839
BRDA:44,4,2,12814
BRDA:44,4,3,1462
BRDA:52,5,0,3
BRDA:52,5,1,36350
BRDA:52,6,0,36353
BRDA:52,6,1,15995
BRDA:52,6,2,15976
BRDA:52,6,3,4424
BRF:16
BRH:16
end_of_record
TN:
SF:/home/mquinn/Downloads/jsdiff-3.5.0/lib/diff/base.js
FN:5,Diff
FN:8,diff
FN:20,done
FN:22,(anonymous_4)
FN:52,execEditLength
FN:101,exec
FN:102,(anonymous_7)
FN:123,pushComponent
FN:133,extractCommon
FN:152,equals
FN:159,removeEmpty
FN:168,castInput
FN:171,tokenize
FN:174,join
FN:179,buildValues
FN:190,(anonymous_16)
FN:232,clonePath
FNF:17
FNH:17
FNDA:7,Diff
FNDA:101,diff
FNDA:100,done
FNDA:10,(anonymous_4)
FNDA:372,execEditLength
FNDA:24,exec
FNDA:24,(anonymous_7)
FNDA:13303,pushComponent
FNDA:13403,extractCommon
FNDA:703,equals
FNDA:192,removeEmpty
FNDA:172,castInput
FNDA:6,tokenize
FNDA:306,join
FNDA:77,buildValues
FNDA:50,(anonymous_16)
FNDA:5263,clonePath
DA:3,1
DA:4,1
DA:5,1
DA:7,1
DA:9,101
DA:11,101
DA:12,101
DA:13,1
DA:14,1
DA:16,101
DA:18,101
DA:20,1
DA:21,100
DA:22,10
DA:23,10
DA:25,10
DA:27,90
DA:32,101
DA:33,100
DA:35,100
DA:36,100
DA:38,100
DA:40,100
DA:41,100
DA:42,100
DA:45,100
DA:46,100
DA:48,23
DA:52,1
DA:53,372
DA:54,13453
DA:55,13453
DA:58,13453
DA:60,13018
DA:63,13453
DA:65,13453
DA:67,150
DA:68,150
DA:74,13303
DA:75,5263
DA:76,5263
DA:78,8040
DA:79,8040
DA:80,8040
DA:83,13303
DA:86,13303
DA:87,77
DA:90,13226
DA:94,295
DA:100,77
DA:101,7
DA:102,24
DA:105,24
DA:106,1
DA:109,24
DA:110,17
DA:115,70
DA:116,348
DA:117,348
DA:118,70
DA:124,13303
DA:125,13303
DA:128,11674
DA:130,1629
DA:134,13403
DA:139,13403
DA:140,11071
DA:141,11071
DA:142,11071
DA:145,13403
DA:146,416
DA:149,13403
DA:150,13403
DA:153,703
DA:154,3
DA:156,700
DA:160,192
DA:161,192
DA:162,37219
DA:163,21195
DA:166,192
DA:169,172
DA:172,6
DA:175,306
DA:179,1
DA:180,77
DA:185,77
DA:186,299
DA:187,299
DA:188,211
DA:189,27
DA:190,27
DA:191,50
DA:192,50
DA:195,27
DA:197,184
DA:199,211
DA:202,211
DA:203,127
DA:206,88
DA:207,88
DA:212,88
DA:213,56
DA:214,56
DA:215,56
DA:223,77
DA:224,77
DA:225,2
DA:226,2
DA:229,77
DA:232,1
DA:233,5263
LF:112
LH:112
BRDA:9,1,0,74
BRDA:9,1,1,27
BRDA:9,2,0,101
BRDA:9,2,1,101
BRDA:12,3,0,1
BRDA:12,3,1,100
BRDA:21,4,0,10
BRDA:21,4,1,90
BRDA:46,5,0,23
BRDA:46,5,1,77
BRDA:46,6,0,100
BRDA:46,6,1,30
BRDA:57,7,0,13078
BRDA:57,7,1,375
BRDA:58,8,0,13018
BRDA:58,8,1,435
BRDA:63,9,0,13453
BRDA:63,9,1,13018
BRDA:64,10,0,13453
BRDA:64,10,1,13078
BRDA:64,10,2,13078
BRDA:65,11,0,150
BRDA:65,11,1,13303
BRDA:65,12,0,13453
BRDA:65,12,1,457
BRDA:74,13,0,5263
BRDA:74,13,1,8040
BRDA:74,14,0,13303
BRDA:74,14,1,12996
BRDA:74,14,2,12700
BRDA:86,15,0,77
BRDA:86,15,1,13226
BRDA:86,16,0,13303
BRDA:86,16,1,124
BRDA:100,17,0,7
BRDA:100,17,1,70
BRDA:105,18,0,0
BRDA:105,18,1,24
BRDA:109,19,0,17
BRDA:109,19,1,7
BRDA:117,20,0,70
BRDA:117,20,1,278
BRDA:125,21,0,11674
BRDA:125,21,1,1629
BRDA:125,22,0,13303
BRDA:125,22,1,13269
BRDA:125,22,2,11985
BRDA:139,23,0,24474
BRDA:139,23,1,24320
BRDA:139,23,2,24220
BRDA:145,24,0,416
BRDA:145,24,1,12987
BRDA:153,25,0,3
BRDA:153,25,1,700
BRDA:156,26,0,700
BRDA:156,26,1,357
BRDA:156,26,2,3
BRDA:162,27,0,21195
BRDA:162,27,1,16024
BRDA:187,28,0,211
BRDA:187,28,1,88
BRDA:188,29,0,27
BRDA:188,29,1,184
BRDA:188,30,0,211
BRDA:188,30,1,127
BRDA:192,31,0,7
BRDA:192,31,1,43
BRDA:202,32,0,127
BRDA:202,32,1,84
BRDA:212,33,0,56
BRDA:212,33,1,32
BRDA:212,34,0,88
BRDA:212,34,1,82
BRDA:224,35,0,2
BRDA:224,35,1,75
BRDA:224,36,0,77
BRDA:224,36,1,65
BRDA:224,36,2,62
BRDA:224,36,3,37
BRDA:224,36,4,28
BRF:80
BRH:80
end_of_record
TN:
SF:/home/mquinn/Downloads/jsdiff-3.5.0/lib/util/params.js
FN:5,generateOptions
FNF:1
FNH:1
FNDA:41,generateOptions
DA:3,1
DA:4,1
DA:5,1
DA:6,41
DA:7,9
DA:8,32
DA:9,1
DA:11,1
DA:12,1
DA:16,41
LF:10
LH:10
BRDA:6,1,0,9
BRDA:6,1,1,32
BRDA:8,2,0,1
BRDA:8,2,1,31
BRDA:11,3,0,1
BRDA:11,3,1,0
BRF:6
BRH:6
end_of_record
TN:
SF:/home/mquinn/Downloads/jsdiff-3.5.0/lib/diff/array.js
FN:11,_interopRequireDefault
FN:14,(anonymous_2)
FN:17,(anonymous_3)
FN:21,diffArrays
FNF:4
FNH:4
FNDA:1,_interopRequireDefault
FNDA:10,(anonymous_2)
FNDA:26,(anonymous_3)
FNDA:5,diffArrays
DA:3,1
DA:4,1
DA:5,1
DA:7,1
DA:9,1
DA:11,1
DA:13,1
DA:14,1
DA:15,10
DA:17,1
DA:18,26
DA:21,1
DA:22,5
LF:13
LH:13
BRDA:11,1,0,1
BRDA:11,1,1,0
BRDA:11,2,0,1
BRDA:11,2,1,1
BRF:4
BRH:4
end_of_record
TN:
SF:/home/mquinn/Downloads/jsdiff-3.5.0/lib/diff/character.js
FN:11,_interopRequireDefault
FN:14,diffChars
FNF:2
FNH:2
FNDA:1,_interopRequireDefault
FNDA:3,diffChars
DA:3,1
DA:4,1
DA:5,1
DA:7,1
DA:9,1
DA:11,1
DA:13,1
DA:14,1
DA:15,3
LF:9
LH:9
BRDA:11,1,0,1
BRDA:11,1,1,0
BRDA:11,2,0,1
BRDA:11,2,1,1
BRF:4
BRH:4
end_of_record
TN:
SF:/home/mquinn/Downloads/jsdiff-3.5.0/lib/convert/xml.js
FN:5,convertChangesToXML
FN:26,escapeHTML
FNF:2
FNH:2
FNDA:47,convertChangesToXML
FNDA:131,escapeHTML
DA:3,1
DA:4,1
DA:5,1
DA:6,47
DA:7,47
DA:8,131
DA:9,131
DA:10,37
DA:11,94
DA:12,35
DA:15,131
DA:17,131
DA:18,37
DA:19,94
DA:20,35
DA:23,47
DA:26,1
DA:27,131
DA:28,131
DA:29,131
DA:30,131
DA:31,131
DA:33,131
LF:23
LH:23
BRDA:9,1,0,37
BRDA:9,1,1,94
BRDA:11,2,0,35
BRDA:11,2,1,59
BRDA:17,3,0,37
BRDA:17,3,1,94
BRDA:19,4,0,35
BRDA:19,4,1,59
BRF:8
BRH:8
end_of_record
TN:
SF:/home/mquinn/Downloads/jsdiff-3.5.0/lib/diff/css.js
FN:11,_interopRequireDefault
FN:14,(anonymous_2)
FN:18,diffCss
FNF:3
FNH:3
FNDA:1,_interopRequireDefault
FNDA:2,(anonymous_2)
FNDA:1,diffCss
DA:3,1
DA:4,1
DA:5,1
DA:7,1
DA:9,1
DA:11,1
DA:13,1
DA:14,1
DA:15,2
DA:18,1
DA:19,1
LF:11
LH:11
BRDA:11,1,0,1
BRDA:11,1,1,0
BRDA:11,2,0,1
BRDA:11,2,1,1
BRF:4
BRH:4
end_of_record
TN:
SF:/home/mquinn/Downloads/jsdiff-3.5.0/lib/diff/json.js
FN:6,(anonymous_1)
FN:6,(anonymous_2)
FN:17,_interopRequireDefault
FN:27,(anonymous_4)
FN:31,(anonymous_5)
FN:39,(anonymous_6)
FN:44,diffJson
FN:50,canonicalize
FNF:8
FNH:8
FNDA:104,(anonymous_1)
FNDA:0,(anonymous_2)
FNDA:1,_interopRequireDefault
FNDA:29,(anonymous_4)
FNDA:159,(anonymous_5)
FNDA:85,(anonymous_6)
FNDA:15,diffJson
FNDA:111,canonicalize
DA:3,1
DA:4,1
DA:6,104
DA:8,1
DA:9,1
DA:11,1
DA:13,1
DA:15,1
DA:17,1
DA:19,1
DA:21,1
DA:24,1
DA:26,1
DA:27,1
DA:28,29
DA:32,159
DA:37,29
DA:39,1
DA:40,85
DA:44,1
DA:45,15
DA:50,1
DA:51,111
DA:52,111
DA:54,111
DA:55,93
DA:58,111
DA:60,111
DA:61,100
DA:62,2
DA:66,109
DA:68,109
DA:69,4
DA:70,4
DA:71,4
DA:72,4
DA:73,10
DA:75,4
DA:76,4
DA:77,4
DA:80,105
DA:81,5
DA:84,105
DA:85,36
DA:86,36
DA:87,36
DA:88,36
DA:90,36
DA:92,70
DA:93,70
DA:96,36
DA:97,36
DA:98,70
DA:99,70
DA:101,36
DA:102,36
DA:104,69
DA:106,105
LF:58
LH:58
BRDA:6,1,0,1
BRDA:6,1,1,0
BRDA:6,2,0,1
BRDA:6,2,1,1
BRDA:6,3,0,0
BRDA:6,3,1,0
BRDA:6,4,0,0
BRDA:6,4,1,0
BRDA:6,4,2,0
BRDA:6,4,3,0
BRDA:17,5,0,1
BRDA:17,5,1,0
BRDA:17,6,0,1
BRDA:17,6,1,1
BRDA:31,7,0,23
BRDA:31,7,1,6
BRDA:32,8,0,3
BRDA:32,8,1,156
BRDA:37,9,0,2
BRDA:37,9,1,27
BRDA:51,10,0,111
BRDA:51,10,1,31
BRDA:52,11,0,111
BRDA:52,11,1,31
BRDA:54,12,0,93
BRDA:54,12,1,18
BRDA:61,13,0,2
BRDA:61,13,1,98
BRDA:68,14,0,4
BRDA:68,14,1,105
BRDA:80,15,0,5
BRDA:80,15,1,100
BRDA:80,16,0,105
BRDA:80,16,1,102
BRDA:84,17,0,36
BRDA:84,17,1,69
BRDA:84,18,0,105
BRDA:84,18,1,38
BRDA:84,19,0,1
BRDA:84,19,1,104
BRDA:92,20,0,70
BRDA:92,20,1,0
BRF:42
BRH:42
end_of_record
TN:
SF:/home/mquinn/Downloads/jsdiff-3.5.0/lib/diff/line.js
FN:14,_interopRequireDefault
FN:17,(anonymous_2)
FN:43,diffLines
FN:46,diffTrimmedLines
FNF:4
FNH:4
FNDA:1,_interopRequireDefault
FNDA:94,(anonymous_2)
FNDA:29,diffLines
FNDA:4,diffTrimmedLines
DA:3,1
DA:4,1
DA:5,1
DA:6,1
DA:8,1
DA:10,1
DA:12,1
DA:14,1
DA:16,1
DA:17,1
DA:18,94
DA:22,94
DA:23,26
DA:27,94
DA:28,1240
DA:30,1240
DA:31,584
DA:33,656
DA:34,24
DA:36,656
DA:40,94
DA:43,1
DA:44,29
DA:46,1
DA:47,4
DA:48,4
LF:26
LH:26
BRDA:14,1,0,1
BRDA:14,1,1,0
BRDA:14,2,0,1
BRDA:14,2,1,1
BRDA:22,3,0,26
BRDA:22,3,1,68
BRDA:30,4,0,584
BRDA:30,4,1,656
BRDA:30,5,0,1240
BRDA:30,5,1,586
BRDA:33,6,0,24
BRDA:33,6,1,632
BRF:12
BRH:12
end_of_record
TN:
SF:/home/mquinn/Downloads/jsdiff-3.5.0/lib/diff/sentence.js
FN:11,_interopRequireDefault
FN:14,(anonymous_2)
FN:18,diffSentences
FNF:3
FNH:3
FNDA:1,_interopRequireDefault
FNDA:4,(anonymous_2)
FNDA:2,diffSentences
DA:3,1
DA:4,1
DA:5,1
DA:7,1
DA:9,1
DA:11,1
DA:13,1
DA:14,1
DA:15,4
DA:18,1
DA:19,2
LF:11
LH:11
BRDA:11,1,0,1
BRDA:11,1,1,0
BRDA:11,2,0,1
BRDA:11,2,1,1
BRF:4
BRH:4
end_of_record
TN:
SF:/home/mquinn/Downloads/jsdiff-3.5.0/lib/index.js
FN:36,_interopRequireDefault
FNF:1
FNH:1
FNDA:1,_interopRequireDefault
DA:3,1
DA:4,1
DA:6,1
DA:8,1
DA:10,1
DA:12,1
DA:14,1
DA:16,1
DA:18,1
DA:20,1
DA:22,1
DA:24,1
DA:26,1
DA:28,1
DA:30,1
DA:32,1
DA:34,1
DA:36,1
DA:54,1
DA:55,1
DA:56,1
DA:57,1
DA:58,1
DA:59,1
DA:60,1
DA:61,1
DA:62,1
DA:63,1
DA:64,1
DA:65,1
DA:66,1
DA:67,1
DA:68,1
DA:69,1
DA:70,1
DA:71,1
DA:72,1
DA:73,1
LF:38
LH:38
BRDA:36,1,0,1
BRDA:36,1,1,0
BRDA:36,2,0,1
BRDA:36,2,1,1
BRF:4
BRH:4
end_of_record
TN:
SF:/home/mquinn/Downloads/jsdiff-3.5.0/lib/patch/apply.js
FN:13,_interopRequireDefault
FN:15,applyPatch
FN:34,(anonymous_3)
FN:48,hunkFits
FN:151,applyPatches
FN:157,processIndex
FN:163,(anonymous_7)
FN:169,(anonymous_8)
FNF:8
FNH:8
FNDA:1,_interopRequireDefault
FNDA:36,applyPatch
FNDA:135,(anonymous_3)
FNDA:45,hunkFits
FNDA:6,applyPatches
FNDA:14,processIndex
FNDA:10,(anonymous_7)
FNDA:9,(anonymous_8)
DA:3,1
DA:4,1
DA:5,1
DA:7,1
DA:9,1
DA:11,1
DA:13,1
DA:15,1
DA:16,36
DA:18,36
DA:19,24
DA:22,36
DA:23,26
DA:24,1
DA:27,25
DA:31,35
DA:35,135
DA:48,1
DA:49,45
DA:50,186
DA:54,186
DA:56,138
DA:57,10
DA:59,10
DA:60,9
DA:63,129
DA:67,36
DA:71,35
DA:72,37
DA:77,37
DA:79,37
DA:80,45
DA:81,36
DA:82,36
DA:86,37
DA:87,1
DA:92,36
DA:96,34
DA:97,34
DA:98,36
DA:100,36
DA:102,36
DA:104,1
DA:107,36
DA:108,175
DA:113,175
DA:114,110
DA:115,65
DA:116,17
DA:117,17
DA:119,48
DA:120,41
DA:121,41
DA:122,41
DA:123,7
DA:124,7
DA:125,7
DA:126,1
DA:127,6
DA:128,2
DA:135,34
DA:136,1
DA:137,1
DA:138,1
DA:140,33
DA:141,2
DA:142,2
DA:144,34
DA:145,190
DA:147,34
DA:151,1
DA:152,6
DA:153,5
DA:156,6
DA:157,1
DA:158,14
DA:159,14
DA:160,4
DA:163,10
DA:164,10
DA:165,1
DA:168,9
DA:169,9
DA:170,9
DA:171,1
DA:174,8
DA:178,6
LF:87
LH:87
BRDA:13,1,0,1
BRDA:13,1,1,0
BRDA:13,2,0,1
BRDA:13,2,1,1
BRDA:16,3,0,11
BRDA:16,3,1,25
BRDA:16,4,0,36
BRDA:16,4,1,11
BRDA:18,5,0,24
BRDA:18,5,1,12
BRDA:22,6,0,26
BRDA:22,6,1,10
BRDA:23,7,0,1
BRDA:23,7,1,25
BRDA:32,8,0,35
BRDA:32,8,1,3
BRDA:34,9,0,35
BRDA:34,9,1,34
BRDA:39,10,0,35
BRDA:39,10,1,34
BRDA:51,11,0,185
BRDA:51,11,1,1
BRDA:52,12,0,185
BRDA:52,12,1,1
BRDA:54,13,0,138
BRDA:54,13,1,48
BRDA:54,14,0,186
BRDA:54,14,1,65
BRDA:56,15,0,10
BRDA:56,15,1,128
BRDA:59,16,0,9
BRDA:59,16,1,1
BRDA:80,17,0,36
BRDA:80,17,1,9
BRDA:86,18,0,1
BRDA:86,18,1,36
BRDA:102,19,0,1
BRDA:102,19,1,35
BRDA:109,20,0,174
BRDA:109,20,1,1
BRDA:110,21,0,174
BRDA:110,21,1,1
BRDA:113,22,0,110
BRDA:113,22,1,65
BRDA:115,23,0,17
BRDA:115,23,1,48
BRDA:119,24,0,41
BRDA:119,24,1,7
BRDA:123,25,0,7
BRDA:123,25,1,0
BRDA:124,26,0,6
BRDA:124,26,1,1
BRDA:125,27,0,1
BRDA:125,27,1,6
BRDA:127,28,0,2
BRDA:127,28,1,4
BRDA:135,29,0,1
BRDA:135,29,1,33
BRDA:140,30,0,2
BRDA:140,30,1,31
BRDA:152,31,0,5
BRDA:152,31,1,1
BRDA:159,32,0,4
BRDA:159,32,1,10
BRDA:164,33,0,1
BRDA:164,33,1,9
BRDA:170,34,0,1
BRDA:170,34,1,8
BRF:68
BRH:68
end_of_record
TN:
SF:/home/mquinn/Downloads/jsdiff-3.5.0/lib/patch/parse.js
FN:5,parsePatch
FN:13,parseIndex
FN:61,parseFileHeader
FN:79,parseHunk
FNF:4
FNH:4
FNDA:167,parsePatch
FNDA:175,parseIndex
FNDA:350,parseFileHeader
FNDA:168,parseHunk
DA:3,1
DA:4,1
DA:5,1
DA:6,167
DA:8,167
DA:13,1
DA:14,175
DA:15,175
DA:18,175
DA:19,309
DA:22,309
DA:23,174
DA:27,135
DA:28,135
DA:29,65
DA:32,135
DA:37,175
DA:38,175
DA:41,175
DA:43,175
DA:44,331
DA:46,331
DA:47,8
DA:48,323
DA:49,168
DA:50,155
DA:52,1
DA:54,154
DA:61,1
DA:62,350
DA:63,350
DA:64,161
DA:65,161
DA:66,161
DA:67,161
DA:68,2
DA:70,161
DA:71,161
DA:73,161
DA:79,1
DA:80,168
DA:84,168
DA:93,168
DA:95,168
DA:98,877
DA:99,1
DA:101,876
DA:103,876
DA:104,722
DA:105,722
DA:107,722
DA:108,171
DA:109,551
DA:110,155
DA:111,396
DA:112,385
DA:113,385
DA:116,154
DA:121,168
DA:122,3
DA:124,168
DA:125,4
DA:129,168
DA:130,3
DA:131,1
DA:133,2
DA:134,1
DA:138,166
DA:141,167
DA:142,175
DA:145,164
LF:71
LH:71
BRDA:6,1,0,4
BRDA:6,1,1,163
BRDA:6,2,0,167
BRDA:6,2,1,4
BRDA:9,3,0,167
BRDA:9,3,1,3
BRDA:22,4,0,174
BRDA:22,4,1,135
BRDA:28,5,0,65
BRDA:28,5,1,70
BRDA:46,6,0,8
BRDA:46,6,1,323
BRDA:48,7,0,168
BRDA:48,7,1,155
BRDA:50,8,0,1
BRDA:50,8,1,154
BRDA:50,9,0,155
BRDA:50,9,1,3
BRDA:63,10,0,161
BRDA:63,10,1,189
BRDA:64,11,0,80
BRDA:64,11,1,81
BRDA:67,12,0,2
BRDA:67,12,1,159
BRDA:71,13,0,161
BRDA:71,13,1,9
BRDA:86,14,0,168
BRDA:86,14,1,31
BRDA:88,15,0,168
BRDA:88,15,1,4
BRDA:98,16,0,1
BRDA:98,16,1,876
BRDA:98,17,0,877
BRDA:98,17,1,1
BRDA:98,17,2,1
BRDA:98,17,3,1
BRDA:101,18,0,1
BRDA:101,18,1,875
BRDA:101,19,0,876
BRDA:101,19,1,144
BRDA:103,20,0,722
BRDA:103,20,1,154
BRDA:103,21,0,876
BRDA:103,21,1,705
BRDA:103,21,2,550
BRDA:103,21,3,165
BRDA:105,22,0,722
BRDA:105,22,1,10
BRDA:107,23,0,171
BRDA:107,23,1,551
BRDA:109,24,0,155
BRDA:109,24,1,396
BRDA:111,25,0,385
BRDA:111,25,1,11
BRDA:121,26,0,3
BRDA:121,26,1,165
BRDA:121,27,0,168
BRDA:121,27,1,7
BRDA:124,28,0,4
BRDA:124,28,1,164
BRDA:124,29,0,168
BRDA:124,29,1,8
BRDA:129,30,0,3
BRDA:129,30,1,165
BRDA:130,31,0,1
BRDA:130,31,1,2
BRDA:133,32,0,1
BRDA:133,32,1,1
BRF:68
BRH:68
end_of_record
TN:
SF:/home/mquinn/Downloads/jsdiff-3.5.0/lib/util/distance-iterator.js
FN:5,(anonymous_1)
FN:11,iterator
FNF:2
FNH:2
FNDA:37,(anonymous_1)
FNDA:12,iterator
DA:3,1
DA:5,1
DA:6,37
DA:11,37
DA:12,12
DA:13,8
DA:14,3
DA:16,5
DA:21,8
DA:22,6
DA:25,2
DA:28,6
DA:29,5
DA:30,4
DA:35,5
DA:36,2
DA:39,3
DA:40,3
LF:18
LH:18
BRDA:12,1,0,8
BRDA:12,1,1,4
BRDA:12,2,0,12
BRDA:12,2,1,8
BRDA:13,3,0,3
BRDA:13,3,1,5
BRDA:21,4,0,6
BRDA:21,4,1,2
BRDA:28,5,0,5
BRDA:28,5,1,1
BRDA:29,6,0,4
BRDA:29,6,1,1
BRDA:35,7,0,2
BRDA:35,7,1,3
BRF:14
BRH:14
end_of_record
TN:
SF:/home/mquinn/Downloads/jsdiff-3.5.0/lib/patch/merge.js
FN:13,_toConsumableArray
FN:15,calcLineCount
FN:33,merge
FN:109,loadPatch
FN:126,fileNameChanged
FN:130,selectField
FN:139,hunkBefore
FN:143,cloneHunk
FN:151,mergeLines
FN:203,mutualChange
FN:230,removal
FN:242,conflict
FN:251,insertLeading
FN:258,insertTrailing
FN:265,collectChange
FN:286,collectContext
FN:343,allRemoves
FN:344,(anonymous_18)
FN:348,skipRemoveSuperset
FN:360,calcOldNewLineCount
FN:364,(anonymous_21)
FNF:21
FNH:21
FNDA:27,_toConsumableArray
FNDA:51,calcLineCount
FNDA:62,merge
FNDA:123,loadPatch
FNDA:23,fileNameChanged
FNDA:8,selectField
FNDA:120,hunkBefore
FNDA:12,cloneHunk
FNDA:51,mergeLines
FNDA:28,mutualChange
FNDA:22,removal
FNDA:32,conflict
FNDA:102,insertLeading
FNDA:102,insertTrailing
FNDA:89,collectChange
FNDA:22,collectContext
FNDA:39,allRemoves
FNDA:76,(anonymous_18)
FNDA:6,skipRemoveSuperset
FNDA:115,calcOldNewLineCount
FNDA:382,(anonymous_21)
DA:3,1
DA:4,1
DA:5,1
DA:7,1
DA:9,1
DA:11,1
DA:13,63
DA:15,1
DA:16,51
DA:20,51
DA:21,39
DA:23,12
DA:26,51
DA:27,31
DA:29,20
DA:33,1
DA:34,62
DA:35,61
DA:37,61
DA:42,61
DA:43,20
DA:46,61
DA:47,20
DA:49,17
DA:50,17
DA:51,17
DA:52,17
DA:53,3
DA:55,1
DA:56,1
DA:57,1
DA:58,1
DA:61,2
DA:62,2
DA:63,2
DA:64,2
DA:68,61
DA:70,61
DA:75,61
DA:76,63
DA:79,63
DA:81,6
DA:82,6
DA:83,6
DA:84,57
DA:86,6
DA:87,6
DA:88,6
DA:91,51
DA:98,51
DA:99,51
DA:100,51
DA:102,51
DA:106,61
DA:109,1
DA:110,123
DA:111,121
DA:112,118
DA:116,3
DA:117,1
DA:119,2
DA:123,2
DA:126,1
DA:127,23
DA:130,1
DA:131,8
DA:132,1
DA:134,7
DA:135,7
DA:139,1
DA:140,120
DA:143,1
DA:144,12
DA:151,1
DA:154,51
DA:158,51
DA:159,51
DA:162,51
DA:163,123
DA:166,123
DA:168,28
DA:169,95
DA:170,4
DA:173,4
DA:174,91
DA:175,3
DA:178,3
DA:179,88
DA:181,11
DA:182,77
DA:184,11
DA:185,66
DA:187,64
DA:188,64
DA:189,64
DA:192,2
DA:197,51
DA:198,51
DA:200,51
DA:203,1
DA:204,28
DA:207,28
DA:209,8
DA:210,3
DA:212,3
DA:213,3
DA:214,5
DA:215,1
DA:217,1
DA:218,1
DA:220,20
DA:221,2
DA:223,2
DA:224,2
DA:227,22
DA:230,1
DA:231,22
DA:233,22
DA:234,14
DA:236,14
DA:238,8
DA:242,1
DA:243,32
DA:244,32
DA:251,1
DA:252,102
DA:253,34
DA:254,34
DA:255,34
DA:258,1
DA:259,102
DA:260,31
DA:261,31
DA:265,1
DA:266,89
DA:268,89
DA:269,262
DA:272,262
DA:273,36
DA:276,262
DA:277,207
DA:278,207
DA:280,55
DA:284,89
DA:286,1
DA:287,22
DA:292,22
DA:293,54
DA:297,54
DA:298,10
DA:301,44
DA:303,44
DA:304,44
DA:308,44
DA:309,2
DA:311,2
DA:312,2
DA:313,2
DA:317,44
DA:318,40
DA:319,40
DA:321,4
DA:325,22
DA:326,4
DA:329,22
DA:330,8
DA:333,14
DA:334,18
DA:337,14
DA:343,1
DA:344,39
DA:345,76
DA:348,1
DA:349,6
DA:350,4
DA:351,4
DA:352,2
DA:356,4
DA:357,4
DA:360,1
DA:361,115
DA:362,115
DA:364,115
DA:365,382
DA:366,32
DA:367,32
DA:369,32
DA:370,30
DA:371,18
DA:373,12
DA:377,32
DA:378,30
DA:379,10
DA:381,20
DA:385,350
DA:386,196
DA:388,350
DA:389,228
DA:394,115
LF:199
LH:199
BRDA:13,1,0,27
BRDA:13,1,1,0
BRDA:20,2,0,39
BRDA:20,2,1,12
BRDA:26,3,0,31
BRDA:26,3,1,20
BRDA:42,4,0,20
BRDA:42,4,1,41
BRDA:42,5,0,61
BRDA:42,5,1,43
BRDA:43,6,0,20
BRDA:43,6,1,2
BRDA:46,7,0,20
BRDA:46,7,1,41
BRDA:46,8,0,61
BRDA:46,8,1,43
BRDA:47,9,0,17
BRDA:47,9,1,3
BRDA:49,10,0,17
BRDA:49,10,1,2
BRDA:50,11,0,17
BRDA:50,11,1,2
BRDA:51,12,0,17
BRDA:51,12,1,2
BRDA:52,13,0,17
BRDA:52,13,1,2
BRDA:53,14,0,1
BRDA:53,14,1,2
BRDA:75,15,0,124
BRDA:75,15,1,64
BRDA:76,16,0,63
BRDA:76,16,1,3
BRDA:77,17,0,63
BRDA:77,17,1,3
BRDA:79,18,0,6
BRDA:79,18,1,57
BRDA:84,19,0,6
BRDA:84,19,1,51
BRDA:110,20,0,121
BRDA:110,20,1,2
BRDA:111,21,0,118
BRDA:111,21,1,3
BRDA:111,22,0,121
BRDA:111,22,1,11
BRDA:116,23,0,1
BRDA:116,23,1,2
BRDA:127,24,0,23
BRDA:127,24,1,21
BRDA:131,25,0,1
BRDA:131,25,1,7
BRDA:140,26,0,120
BRDA:140,26,1,44
BRDA:162,27,0,174
BRDA:162,27,1,137
BRDA:166,28,0,28
BRDA:166,28,1,95
BRDA:166,29,0,123
BRDA:166,29,1,91
BRDA:166,29,2,43
BRDA:166,29,3,22
BRDA:169,30,0,4
BRDA:169,30,1,91
BRDA:169,31,0,95
BRDA:169,31,1,4
BRDA:174,32,0,3
BRDA:174,32,1,88
BRDA:174,33,0,91
BRDA:174,33,1,3
BRDA:179,34,0,11
BRDA:179,34,1,77
BRDA:179,35,0,88
BRDA:179,35,1,11
BRDA:182,36,0,11
BRDA:182,36,1,66
BRDA:182,37,0,77
BRDA:182,37,1,11
BRDA:185,38,0,64
BRDA:185,38,1,2
BRDA:207,39,0,8
BRDA:207,39,1,20
BRDA:207,40,0,28
BRDA:207,40,1,11
BRDA:209,41,0,3
BRDA:209,41,1,5
BRDA:209,42,0,8
BRDA:209,42,1,4
BRDA:214,43,0,1
BRDA:214,43,1,4
BRDA:214,44,0,5
BRDA:214,44,1,2
BRDA:220,45,0,2
BRDA:220,45,1,18
BRDA:233,46,0,14
BRDA:233,46,1,8
BRDA:238,47,0,4
BRDA:238,47,1,4
BRDA:238,48,0,4
BRDA:238,48,1,4
BRDA:252,49,0,136
BRDA:252,49,1,34
BRDA:272,50,0,36
BRDA:272,50,1,226
BRDA:272,51,0,262
BRDA:272,51,1,168
BRDA:276,52,0,207
BRDA:276,52,1,55
BRDA:292,53,0,66
BRDA:292,53,1,60
BRDA:297,54,0,10
BRDA:297,54,1,44
BRDA:301,55,0,44
BRDA:301,55,1,42
BRDA:308,56,0,2
BRDA:308,56,1,42
BRDA:317,57,0,40
BRDA:317,57,1,4
BRDA:325,58,0,4
BRDA:325,58,1,18
BRDA:325,59,0,22
BRDA:325,59,1,10
BRDA:325,60,0,22
BRDA:325,60,1,6
BRDA:329,61,0,8
BRDA:329,61,1,14
BRDA:345,62,0,76
BRDA:345,62,1,70
BRDA:351,63,0,2
BRDA:351,63,1,2
BRDA:365,64,0,32
BRDA:365,64,1,350
BRDA:369,65,0,30
BRDA:369,65,1,2
BRDA:370,66,0,18
BRDA:370,66,1,12
BRDA:377,67,0,30
BRDA:377,67,1,2
BRDA:378,68,0,10
BRDA:378,68,1,20
BRDA:385,69,0,196
BRDA:385,69,1,154
BRDA:385,70,0,350
BRDA:385,70,1,326
BRDA:385,70,2,224
BRDA:388,71,0,228
BRDA:388,71,1,122
BRDA:388,72,0,350
BRDA:388,72,1,330
BRDA:388,72,2,200
BRF:148
BRH:148
end_of_record
TN:
SF:/home/mquinn/Downloads/jsdiff-3.5.0/lib/patch/create.js
FN:10,_toConsumableArray
FN:12,structuredPatch
FN:23,contextLines
FN:24,(anonymous_4)
FN:36,_loop
FN:58,(anonymous_6)
FN:125,createTwoFilesPatch
FN:145,createPatch
FNF:8
FNH:8
FNDA:72,_toConsumableArray
FNDA:21,structuredPatch
FNDA:44,contextLines
FNDA:81,(anonymous_4)
FNDA:98,_loop
FNDA:51,(anonymous_6)
FNDA:18,createTwoFilesPatch
FNDA:17,createPatch
DA:3,1
DA:4,1
DA:5,1
DA:6,1
DA:8,1
DA:10,95
DA:12,1
DA:13,21
DA:14,19
DA:16,21
DA:17,19
DA:20,21
DA:21,21
DA:23,1
DA:24,44
DA:25,81
DA:29,21
DA:30,21
DA:36,21
DA:37,98
DA:39,98
DA:41,98
DA:42,43
DA:45,43
DA:46,26
DA:47,26
DA:48,26
DA:50,26
DA:51,19
DA:52,19
DA:53,19
DA:58,43
DA:59,51
DA:63,43
DA:64,23
DA:66,20
DA:70,55
DA:72,29
DA:73,3
DA:76,3
DA:78,26
DA:81,26
DA:82,26
DA:84,26
DA:91,26
DA:93,15
DA:94,15
DA:95,15
DA:97,3
DA:98,12
DA:99,5
DA:102,26
DA:104,26
DA:105,26
DA:106,26
DA:109,55
DA:110,55
DA:114,21
DA:115,98
DA:118,21
DA:125,1
DA:126,18
DA:128,18
DA:129,18
DA:130,17
DA:132,18
DA:133,18
DA:134,18
DA:136,18
DA:137,23
DA:138,23
DA:139,23
DA:142,18
DA:145,1
DA:146,17
LF:75
LH:75
BRDA:10,1,0,72
BRDA:10,1,1,0
BRDA:13,2,0,19
BRDA:13,2,1,2
BRDA:16,3,0,19
BRDA:16,3,1,2
BRDA:38,4,0,98
BRDA:38,4,1,77
BRDA:41,5,0,43
BRDA:41,5,1,55
BRDA:41,6,0,98
BRDA:41,6,1,75
BRDA:45,7,0,26
BRDA:45,7,1,17
BRDA:50,8,0,19
BRDA:50,8,1,7
BRDA:51,9,0,15
BRDA:51,9,1,4
BRDA:59,10,0,31
BRDA:59,10,1,20
BRDA:63,11,0,23
BRDA:63,11,1,20
BRDA:70,12,0,29
BRDA:70,12,1,26
BRDA:72,13,0,3
BRDA:72,13,1,26
BRDA:72,14,0,29
BRDA:72,14,1,19
BRDA:91,15,0,15
BRDA:91,15,1,11
BRDA:91,16,0,26
BRDA:91,16,1,17
BRDA:95,17,0,3
BRDA:95,17,1,12
BRDA:95,18,0,15
BRDA:95,18,1,9
BRDA:98,19,0,5
BRDA:98,19,1,7
BRDA:98,20,0,12
BRDA:98,20,1,9
BRDA:129,21,0,17
BRDA:129,21,1,1
BRDA:133,22,0,6
BRDA:133,22,1,12
BRDA:134,23,0,6
BRDA:134,23,1,12
BRF:46
BRH:46
end_of_record
TN:
SF:/home/mquinn/Downloads/jsdiff-3.5.0/lib/util/array.js
FN:6,arrayEqual
FN:14,arrayStartsWith
FNF:2
FNH:2
FNDA:20,arrayEqual
FNDA:25,arrayStartsWith
DA:3,1
DA:4,1
DA:5,1
DA:6,1
DA:7,20
DA:8,8
DA:11,12
DA:14,1
DA:15,25
DA:16,3
DA:19,22
DA:20,40
DA:21,14
DA:25,8
LF:14
LH:14
BRDA:7,1,0,8
BRDA:7,1,1,12
BRDA:15,2,0,3
BRDA:15,2,1,22
BRDA:20,3,0,14
BRDA:20,3,1,26
BRF:6
BRH:6
end_of_record
